2021-06-04T16:28:07.415Z [AUDIT] Token created by 'anonymous': tokenId='39a85c01-b4b7-4495-8188-869016390c5d', issuer='jfrou@01f7bxmqd0dz39ytngcn94xh5x', subject='jfrou@01f7bxmqd0dz39ytngcn94xh5x', expiry=none, refreshable=false
2021-06-04T16:28:07.887Z [AUDIT] Token created by 'anonymous': tokenId='6ea977fd-8ed1-4876-89f9-153cff9b7cfb', issuer='jfac@01f7bxmgq0p92s0h4akgw40w65', subject='jfac@01f7bxmgq0p92s0h4akgw40w65', expiry=1622824207882, refreshable=false
2021-06-04T16:28:08.042Z [AUDIT] Token created by 'anonymous': tokenId='c0610b8c-af73-40c0-a017-f3295f0f3c66', issuer='jfac@01f7bxmgq0p92s0h4akgw40w65', subject='jfac@01f7bxmgq0p92s0h4akgw40w65', expiry=1622824208032, refreshable=false
2021-06-04T16:28:08.257Z [AUDIT] Token created by 'anonymous': tokenId='afa79050-fde2-43fa-8a34-7885de3629cb', issuer='jfac@01f7bxmgq0p92s0h4akgw40w65', subject='jfac@01f7bxmgq0p92s0h4akgw40w65', expiry=1622824208254, refreshable=false
2021-06-04T16:28:08.675Z [AUDIT] Token created by 'anonymous': tokenId='6f5d7e16-6e7d-4993-94fd-003d993d48a1', issuer='jfac@01f7bxmgq0p92s0h4akgw40w65', subject='jfac@01f7bxmgq0p92s0h4akgw40w65', expiry=1622824208672, refreshable=false
2021-06-04T16:28:09.496Z [AUDIT] Token created by 'anonymous': tokenId='efe78532-1760-49ef-821c-1361037095a8', issuer='jfac@01f7bxmgq0p92s0h4akgw40w65', subject='jfac@01f7bxmgq0p92s0h4akgw40w65', expiry=1622824209493, refreshable=false
2021-06-04T16:28:10.381Z [AUDIT] Token created by 'anonymous': tokenId='6f720c48-1b70-43f6-a780-662d379d8271', issuer='jfmd@01f7bxmrqwj4d6qcvhz8mqq6aw', subject='jfmd@01f7bxmrqwj4d6qcvhz8mqq6aw', expiry=none, refreshable=false
2021-06-04T16:28:10.512Z [AUDIT] Token created by 'anonymous': tokenId='222eb931-db11-47af-96be-57735857e006', issuer='jfac@01f7bxmgq0p92s0h4akgw40w65', subject='jfac@01f7bxmgq0p92s0h4akgw40w65', expiry=1622824210510, refreshable=false
2021-06-04T16:28:10.537Z [AUDIT] Token created by 'anonymous': tokenId='2c368e89-dacf-4f97-bdb7-291067438e25', issuer='jfevt@01f7bxmgq0p92s0h4akgw40w65', subject='jfevt@01f7bxmgq0p92s0h4akgw40w65', expiry=none, refreshable=false
2021-06-04T16:28:10.738Z [AUDIT] Token created by 'jfevt@01f7bxmgq0p92s0h4akgw40w65': tokenId='dd22ea31-0696-4617-94e7-100194b0cd9b', issuer='jfevt@01f7bxmgq0p92s0h4akgw40w65', subject='jfevt@01f7bxmgq0p92s0h4akgw40w65', expiry=1622910490733, refreshable=true
2021-06-04T16:28:10.747Z [AUDIT] Token created by 'jfevt@01f7bxmgq0p92s0h4akgw40w65': tokenId='9a8b9c4d-ff10-47a9-8383-7135304b708b', issuer='jfevt@01f7bxmgq0p92s0h4akgw40w65', subject='jfevt@01f7bxmgq0p92s0h4akgw40w65', expiry=1622910490732, refreshable=true
2021-06-04T16:28:10.736Z [AUDIT] Token created by 'jfevt@01f7bxmgq0p92s0h4akgw40w65': tokenId='d8923da9-e02f-4de7-9ed0-8de905a9b4e4', issuer='jfevt@01f7bxmgq0p92s0h4akgw40w65', subject='jfevt@01f7bxmgq0p92s0h4akgw40w65', expiry=1622910490729, refreshable=true
2021-06-04T16:28:10.737Z [AUDIT] Token created by 'jfevt@01f7bxmgq0p92s0h4akgw40w65': tokenId='07f2cd10-e880-42dd-94dc-2a4c556d264e', issuer='jfevt@01f7bxmgq0p92s0h4akgw40w65', subject='jfevt@01f7bxmgq0p92s0h4akgw40w65', expiry=1622910490726, refreshable=true
2021-06-04T16:28:20.240Z [AUDIT] Token created by 'anonymous': tokenId='26a6a75c-eb18-4899-9327-68441af71794', issuer='jfrt@01f7bxn7q4e1f51je0frwt1mxc', subject='jfrt@01f7bxn7q4e1f51je0frwt1mxc', expiry=none, refreshable=false
2021-06-04T16:28:24.312Z [AUDIT] Token created by 'jfrt@01f7bxn7q4e1f51je0frwt1mxc': tokenId='ca4a2ce4-4a34-4d83-877f-e0ff0731d916', issuer='jfrt@01f7bxn7q4e1f51je0frwt1mxc', subject='jfrt@01f7bxn7q4e1f51je0frwt1mxc', expiry=2568904104308, refreshable=false
2021-06-04T16:28:25.835Z [AUDIT] Token created by 'jfrt@01f7bxn7q4e1f51je0frwt1mxc': tokenId='824dd833-4e36-4f3e-8661-0d33581048ac', issuer='jfrt@01f7bxn7q4e1f51je0frwt1mxc/users/_system_', subject='jfrt@01f7bxn7q4e1f51je0frwt1mxc/users/_system_', expiry=none, refreshable=false
2021-06-04T16:28:32.537Z [AUDIT] Token created by 'anonymous': tokenId='64b0a9b0-caa1-443b-ae74-e2ed0ad5d240', issuer='jffe@000', subject='jffe@000', expiry=none, refreshable=false
2021-06-04T16:28:32.624Z [AUDIT] Token created by 'jffe@000': tokenId='454fd5f8-8ffc-4312-861a-cf98c24aeb02', issuer='jffe@000', subject='jffe@000/users/jffe@000', expiry=1622824712624, refreshable=false
2021-06-04T16:28:46.429Z [AUDIT] Token created by 'jffe@000': tokenId='a9812786-24e2-4d47-8390-1dba832767f9', issuer='jffe@000', subject='jffe@000/users/anonymous', expiry=1622824726428, refreshable=false
2021-06-04T16:28:46.438Z [AUDIT] Token created by 'jffe@000': tokenId='ad8cccc7-166b-4d5d-b989-fc8c56953ff7', issuer='jffe@000', subject='jffe@000/users/anonymous', expiry=1622824726438, refreshable=false
2021-06-04T16:28:46.475Z [AUDIT] Token created by 'jffe@000': tokenId='5a8d6633-3f4b-4613-a835-b41c9bccb903', issuer='jffe@000', subject='jffe@000/users/anonymous', expiry=1622824726475, refreshable=false
2021-06-04T16:29:26.412Z [AUDIT] Token created by 'jffe@000': tokenId='11707322-dd04-4194-9511-50be627551b6', issuer='jffe@000', subject='jffe@000/users/admin', expiry=1622825966410, refreshable=true
2021-06-04T16:29:26.500Z [AUDIT] Token created by 'jffe@000': tokenId='cc957054-089a-47a0-af5c-f50071345c36', issuer='jffe@000', subject='jffe@000/users/admin', expiry=1622824766500, refreshable=false
2021-06-04T16:29:26.501Z [AUDIT] Token created by 'jffe@000': tokenId='663edf00-70f5-42d8-b0f8-7807d211712b', issuer='jffe@000', subject='jffe@000/users/admin', expiry=1622824766501, refreshable=false
2021-06-04T16:29:26.501Z [AUDIT] Token created by 'jffe@000': tokenId='cf275d3f-5e1b-4f4c-8d9e-3bdbdd93f43b', issuer='jffe@000', subject='jffe@000/users/admin', expiry=1622824766501, refreshable=false
2021-06-04T16:30:32.730Z [AUDIT] Token created by 'jffe@000': tokenId='45d5fba3-aae0-4c4c-8687-0f09d4cc5edb', issuer='jffe@000', subject='jffe@000/users/admin', expiry=1622826032728, refreshable=true
2021-06-04T16:30:32.784Z [AUDIT] Token created by 'jffe@000': tokenId='5b5a2d05-1507-4cf1-bac1-fc9ae905c924', issuer='jffe@000', subject='jffe@000/users/admin', expiry=1622824832784, refreshable=false
2021-06-04T16:30:32.789Z [AUDIT] Token created by 'jffe@000': tokenId='9ddd6014-c8e3-47ac-9418-90709a633e31', issuer='jffe@000', subject='jffe@000/users/admin', expiry=1622824832789, refreshable=false
2021-06-04T16:38:35.236Z [AUDIT] Token created by 'jffe@000': tokenId='87d96316-23c4-4a43-8b5f-7fbec47f8884', issuer='jffe@000', subject='jffe@000/users/jffe@000', expiry=1622825315235, refreshable=false
2021-06-04T16:38:35.236Z [AUDIT] Token created by 'jffe@000': tokenId='b4cd010e-0886-4347-a9f6-63f7ede55259', issuer='jffe@000', subject='jffe@000/users/jffe@000', expiry=1622825315236, refreshable=false
2021-06-04T16:38:35.238Z [AUDIT] Token created by 'jffe@000': tokenId='8016c597-6159-4d7b-ae16-e89958e0383e', issuer='jffe@000', subject='jffe@000/users/jffe@000', expiry=1622825315238, refreshable=false
2021-06-04T16:39:48.268Z [AUDIT] Token refreshed by 'jffe@000': oldTokenId='45d5fba3-aae0-4c4c-8687-0f09d4cc5edb', tokenId='3a1f9609-5651-4014-bdd1-75e664e7b918', issuer='jffe@000', subject='jffe@000/users/admin', expiry=1622826588259, refreshable=true
2021-06-04T16:40:41.513Z [AUDIT] Token created by 'jffe@000': tokenId='e35e26b9-bc50-4a1a-9882-be2ff6d49898', issuer='jffe@000', subject='jffe@000/users/admin', expiry=1622825441513, refreshable=false
2021-06-04T16:40:54.116Z [AUDIT] Token created by 'jffe@000': tokenId='526d72d8-38dc-471a-80e3-104dc47100da', issuer='jffe@000', subject='jffe@000/users/anonymous', expiry=1622825454116, refreshable=false
2021-06-04T16:40:54.320Z [AUDIT] Token created by 'jffe@000': tokenId='549e2237-1ee9-4c87-a227-5c4d3894d391', issuer='jffe@000', subject='jffe@000/users/admin', expiry=1622825454320, refreshable=false
2021-06-04T16:44:48.307Z [AUDIT] Token refreshed by 'jffe@000': oldTokenId='3a1f9609-5651-4014-bdd1-75e664e7b918', tokenId='d664c3aa-21da-41cd-a089-828663458cfb', issuer='jffe@000', subject='jffe@000/users/admin', expiry=1622826888295, refreshable=true
2021-06-04T16:48:35.299Z [AUDIT] Token created by 'jffe@000': tokenId='ec326bbf-b0ac-4e0a-be27-edb19682578a', issuer='jffe@000', subject='jffe@000/users/jffe@000', expiry=1622825915298, refreshable=false
2021-06-04T16:48:35.300Z [AUDIT] Token created by 'jffe@000': tokenId='4f7d3198-c09b-43a0-92d4-9e01aa7e873d', issuer='jffe@000', subject='jffe@000/users/jffe@000', expiry=1622825915300, refreshable=false
2021-06-04T16:48:35.300Z [AUDIT] Token created by 'jffe@000': tokenId='0c578ad5-ba45-4220-8901-36c353e96aa8', issuer='jffe@000', subject='jffe@000/users/jffe@000', expiry=1622825915300, refreshable=false
2021-06-04T16:49:00.076Z [AUDIT] Token created by 'jffe@000': tokenId='a4d3f93e-bade-46e3-b205-e5dfa3d8cdca', issuer='jffe@000', subject='jffe@000/users/admin', expiry=1622825940076, refreshable=false
2021-06-04T16:50:41.971Z [AUDIT] Token created by 'jffe@000': tokenId='e657ce70-ebd1-4167-b396-23d6fa18033a', issuer='jffe@000', subject='jffe@000/users/admin', expiry=1622826041971, refreshable=false
2021-06-04T16:58:35.379Z [AUDIT] Token created by 'jffe@000': tokenId='21523448-ee98-4792-b82f-1a2c12d4b30f', issuer='jffe@000', subject='jffe@000/users/jffe@000', expiry=1622826515379, refreshable=false
2021-06-04T16:58:35.381Z [AUDIT] Token created by 'jffe@000': tokenId='d61fffec-ed1e-4206-bcc8-1415b906a860', issuer='jffe@000', subject='jffe@000/users/jffe@000', expiry=1622826515381, refreshable=false
2021-06-04T16:58:35.387Z [AUDIT] Token created by 'jffe@000': tokenId='ef9f4708-a43d-409c-8db3-2c17cfdfe431', issuer='jffe@000', subject='jffe@000/users/jffe@000', expiry=1622826515387, refreshable=false
2021-06-04T17:01:15.961Z [AUDIT] Token created by 'jffe@000': tokenId='44dcccb1-ee55-4e98-a4d2-d270cfc9855e', issuer='jffe@000', subject='jffe@000/users/admin', expiry=1622826675960, refreshable=false
2021-06-04T17:08:35.446Z [AUDIT] Token created by 'jffe@000': tokenId='08fb0a25-a757-45c9-9b14-cf347af21c55', issuer='jffe@000', subject='jffe@000/users/jffe@000', expiry=1622827115446, refreshable=false
2021-06-04T17:08:35.446Z [AUDIT] Token created by 'jffe@000': tokenId='da99e778-ce03-4310-bb49-85397dd2ff29', issuer='jffe@000', subject='jffe@000/users/jffe@000', expiry=1622827115446, refreshable=false
2021-06-04T17:08:35.449Z [AUDIT] Token created by 'jffe@000': tokenId='bb938956-285c-4ec1-948a-46ea8cc997f1', issuer='jffe@000', subject='jffe@000/users/jffe@000', expiry=1622827115449, refreshable=false
2021-06-04T17:11:15.958Z [AUDIT] Token created by 'jffe@000': tokenId='db85b1bb-ae8c-4dcf-825d-d37010f14834', issuer='jffe@000', subject='jffe@000/users/admin', expiry=1622827275958, refreshable=false
2021-06-04T17:16:16.115Z [AUDIT] Token created by 'jffe@000': tokenId='1477f7c7-2689-4c0e-8cba-b13829e8960c', issuer='jffe@000', subject='jffe@000/users/anonymous', expiry=1622827576115, refreshable=false
2021-06-04T17:16:16.116Z [AUDIT] Token created by 'jffe@000': tokenId='53e2cfbf-d4c1-4681-8e25-1e0d534487de', issuer='jffe@000', subject='jffe@000/users/anonymous', expiry=1622827576116, refreshable=false
2021-06-04T17:16:16.120Z [AUDIT] Token created by 'jffe@000': tokenId='dc17162a-7759-4ce0-85a1-1b39d8cb0b77', issuer='jffe@000', subject='jffe@000/users/anonymous', expiry=1622827576120, refreshable=false
2021-06-04T17:16:16.126Z [AUDIT] Token created by 'jffe@000': tokenId='514f9926-4c0d-4b46-88b9-28b1c1008064', issuer='jffe@000', subject='jffe@000/users/anonymous', expiry=1622827576126, refreshable=false
2021-06-04T17:18:35.566Z [AUDIT] Token created by 'jffe@000': tokenId='9e2039ff-7124-4adb-8b5c-126aebe76287', issuer='jffe@000', subject='jffe@000/users/jffe@000', expiry=1622827715566, refreshable=false
2021-06-04T17:18:35.567Z [AUDIT] Token created by 'jffe@000': tokenId='3bddf1cc-7b43-4305-acb3-84b70f8f3565', issuer='jffe@000', subject='jffe@000/users/jffe@000', expiry=1622827715567, refreshable=false
2021-06-04T17:18:35.567Z [AUDIT] Token created by 'jffe@000': tokenId='88f1c1a8-b87b-460c-95b3-0746ec31e903', issuer='jffe@000', subject='jffe@000/users/jffe@000', expiry=1622827715567, refreshable=false
2021-06-04T17:28:35.613Z [AUDIT] Token created by 'jffe@000': tokenId='f3f815cd-1f2f-477f-8deb-0c07a4bb89d1', issuer='jffe@000', subject='jffe@000/users/jffe@000', expiry=1622828315613, refreshable=false
2021-06-04T17:28:35.613Z [AUDIT] Token created by 'jffe@000': tokenId='c1d715e4-8c42-4979-aff4-8fc08e235b59', issuer='jffe@000', subject='jffe@000/users/jffe@000', expiry=1622828315613, refreshable=false
2021-06-04T17:28:35.614Z [AUDIT] Token created by 'jffe@000': tokenId='510b9565-8130-411d-b055-ac6c5aeda688', issuer='jffe@000', subject='jffe@000/users/jffe@000', expiry=1622828315614, refreshable=false
2021-06-04T17:32:54.144Z [AUDIT] Token created by 'jffe@000': tokenId='6ea75e67-f8ad-4fa1-b336-d0bf213583ca', issuer='jffe@000', subject='jffe@000/users/admin', expiry=1622829774142, refreshable=true
2021-06-04T17:32:54.214Z [AUDIT] Token created by 'jffe@000': tokenId='7b226606-66fb-4670-b7ca-c02c56daeee1', issuer='jffe@000', subject='jffe@000/users/admin', expiry=1622828574213, refreshable=false
2021-06-04T17:32:54.214Z [AUDIT] Token created by 'jffe@000': tokenId='b3c840f7-7561-4b36-b4da-4536e777837e', issuer='jffe@000', subject='jffe@000/users/admin', expiry=1622828574213, refreshable=false
2021-06-04T17:32:54.215Z [AUDIT] Token created by 'jffe@000': tokenId='0f6b73a7-ceb8-49e0-b669-06555f53ac3b', issuer='jffe@000', subject='jffe@000/users/admin', expiry=1622828574215, refreshable=false
2021-06-04T17:32:54.391Z [AUDIT] Token created by 'jffe@000': tokenId='4d592cb2-8f4b-44e9-a4bf-25719032b3f0', issuer='jffe@000', subject='jffe@000/users/anonymous', expiry=1622828574391, refreshable=false
2021-06-04T17:32:54.518Z [AUDIT] Token created by 'jffe@000': tokenId='303f35cb-1843-4d7c-8135-e6983f4ce4e5', issuer='jffe@000', subject='jffe@000/users/admin', expiry=1622828574518, refreshable=false
2021-06-04T17:32:54.746Z [AUDIT] Token created by 'jffe@000': tokenId='70174052-301c-46bf-a829-4b4706a4c07b', issuer='jffe@000', subject='jffe@000/users/admin', expiry=1622828574746, refreshable=false
2021-06-04T17:37:56.917Z [AUDIT] Token refreshed by 'jffe@000': oldTokenId='6ea75e67-f8ad-4fa1-b336-d0bf213583ca', tokenId='86808276-1320-4930-8f67-eb1f2adf426c', issuer='jffe@000', subject='jffe@000/users/admin', expiry=1622830076913, refreshable=true
2021-06-04T17:37:56.921Z [AUDIT] Token refreshed by 'jffe@000': oldTokenId='6ea75e67-f8ad-4fa1-b336-d0bf213583ca', tokenId='80180d2b-483c-4818-b264-254781ce5c28', issuer='jffe@000', subject='jffe@000/users/admin', expiry=1622830076912, refreshable=true
2021-06-04T17:38:35.739Z [AUDIT] Token created by 'jffe@000': tokenId='9d54a163-3390-4b0f-b264-1aa4ffff650e', issuer='jffe@000', subject='jffe@000/users/jffe@000', expiry=1622828915738, refreshable=false
2021-06-04T17:38:35.739Z [AUDIT] Token created by 'jffe@000': tokenId='8c67dc4a-10c0-4397-a58e-41d709f17056', issuer='jffe@000', subject='jffe@000/users/jffe@000', expiry=1622828915739, refreshable=false
2021-06-04T17:38:35.741Z [AUDIT] Token created by 'jffe@000': tokenId='3a83486f-024e-42ed-97bb-c43c35a92d19', issuer='jffe@000', subject='jffe@000/users/jffe@000', expiry=1622828915741, refreshable=false
2021-06-04T17:42:54.963Z [AUDIT] Token created by 'jffe@000': tokenId='831c2b04-47af-48c5-8592-5468429f0f70', issuer='jffe@000', subject='jffe@000/users/admin', expiry=1622829174963, refreshable=false
2021-06-04T17:43:41.072Z [AUDIT] Token refreshed by 'jffe@000': oldTokenId='80180d2b-483c-4818-b264-254781ce5c28', tokenId='75c15b19-8d1f-4ea3-9239-c8a425e7aadf', issuer='jffe@000', subject='jffe@000/users/admin', expiry=1622830421062, refreshable=true
2021-06-04T17:44:45.098Z [AUDIT] Token revoked by 'jffe@000': tokenId='75c15b19-8d1f-4ea3-9239-c8a425e7aadf', issuer='jffe@000', subject='jffe@000/users/admin', expiry=1622830421062, refreshable=true
2021-06-04T17:44:45.204Z [AUDIT] Token created by 'jffe@000': tokenId='5f366bf1-8bbc-4488-a71f-7e91d0fba853', issuer='jffe@000', subject='jffe@000/users/anonymous', expiry=1622829285204, refreshable=false
2021-06-04T17:44:45.204Z [AUDIT] Token created by 'jffe@000': tokenId='7686e633-0a42-45af-a6c1-337e198b92b1', issuer='jffe@000', subject='jffe@000/users/anonymous', expiry=1622829285204, refreshable=false
2021-06-04T17:44:45.209Z [AUDIT] Token created by 'jffe@000': tokenId='a75085a4-53fc-46c7-9194-e7f1614a74df', issuer='jffe@000', subject='jffe@000/users/anonymous', expiry=1622829285209, refreshable=false
2021-06-04T17:44:45.210Z [AUDIT] Token created by 'jffe@000': tokenId='678f42ea-33a7-4a50-81ae-7be2715f0a1a', issuer='jffe@000', subject='jffe@000/users/anonymous', expiry=1622829285210, refreshable=false
2021-06-04T17:44:48.902Z [AUDIT] Token created by 'jffe@000': tokenId='3298e4d1-523f-4d04-bff2-dc6c41570f53', issuer='jffe@000', subject='jffe@000/users/maven', expiry=1622830488901, refreshable=true
2021-06-04T17:44:48.949Z [AUDIT] Token created by 'jffe@000': tokenId='066067c3-e85d-4462-bb00-3de09beaf09e', issuer='jffe@000', subject='jffe@000/users/maven', expiry=1622829288949, refreshable=false
2021-06-04T17:44:49.219Z [AUDIT] Token created by 'jffe@000': tokenId='14674508-4541-405f-a5c8-558a32092209', issuer='jffe@000', subject='jffe@000/users/maven', expiry=1622829289219, refreshable=false
2021-06-04T17:44:49.406Z [AUDIT] Token created by 'jffe@000': tokenId='4547e08c-15a2-4cde-add3-e61c0fd33118', issuer='jffe@000', subject='jffe@000/users/maven', expiry=1622829289406, refreshable=false
2021-06-04T17:47:34.448Z [AUDIT] Token revoked by 'jffe@000': tokenId='3298e4d1-523f-4d04-bff2-dc6c41570f53', issuer='jffe@000', subject='jffe@000/users/maven', expiry=1622830488901, refreshable=true
2021-06-04T17:47:37.565Z [AUDIT] Token created by 'jffe@000': tokenId='9028c0ab-9779-457f-a8ff-433b45d5d670', issuer='jffe@000', subject='jffe@000/users/admin', expiry=1622830657564, refreshable=true
2021-06-04T17:47:37.629Z [AUDIT] Token created by 'jffe@000': tokenId='dd2a3c39-567a-49dc-b982-1f151a166b60', issuer='jffe@000', subject='jffe@000/users/admin', expiry=1622829457629, refreshable=false
2021-06-04T17:47:37.643Z [AUDIT] Token created by 'jffe@000': tokenId='5e2f06b2-c9e9-491b-99b6-84cf8a70ba87', issuer='jffe@000', subject='jffe@000/users/admin', expiry=1622829457643, refreshable=false
2021-06-04T17:47:37.661Z [AUDIT] Token created by 'jffe@000': tokenId='b3f9cb17-c24b-48f9-a30e-06f9ef06ef0c', issuer='jffe@000', subject='jffe@000/users/admin', expiry=1622829457657, refreshable=false
2021-06-04T17:47:37.924Z [AUDIT] Token created by 'jffe@000': tokenId='cc727c09-1d6c-4cd3-8eac-3e88ec8ca062', issuer='jffe@000', subject='jffe@000/users/admin', expiry=1622829457924, refreshable=false
2021-06-04T17:48:35.831Z [AUDIT] Token created by 'jffe@000': tokenId='238d1558-ad33-4f5a-92c2-17c507404c53', issuer='jffe@000', subject='jffe@000/users/jffe@000', expiry=1622829515831, refreshable=false
2021-06-04T17:48:35.831Z [AUDIT] Token created by 'jffe@000': tokenId='7217dc29-3f2d-455d-9cf5-61bdf6f7c11d', issuer='jffe@000', subject='jffe@000/users/jffe@000', expiry=1622829515831, refreshable=false
2021-06-04T17:48:35.832Z [AUDIT] Token created by 'jffe@000': tokenId='09042af7-0728-4de6-97f7-48b495ea9b94', issuer='jffe@000', subject='jffe@000/users/jffe@000', expiry=1622829515832, refreshable=false
2021-06-04T17:51:29.383Z [AUDIT] Token created by 'jffe@000': tokenId='b7cce770-9fde-4a41-ac85-0ebecfaa251b', issuer='jffe@000', subject='jffe@000/users/admin', expiry=1622829689383, refreshable=false
2021-06-04T17:52:42.144Z [AUDIT] Token revoked by 'jffe@000': tokenId='9028c0ab-9779-457f-a8ff-433b45d5d670', issuer='jffe@000', subject='jffe@000/users/admin', expiry=1622830657564, refreshable=true
2021-06-04T17:52:45.365Z [AUDIT] Token created by 'jffe@000': tokenId='83fe0e67-b7a9-4819-9fc1-0bfc96deba00', issuer='jffe@000', subject='jffe@000/users/maven', expiry=1622830965363, refreshable=true
2021-06-04T17:52:45.415Z [AUDIT] Token created by 'jffe@000': tokenId='174a99df-7cd1-4820-a513-d6a18c0bf8a9', issuer='jffe@000', subject='jffe@000/users/maven', expiry=1622829765415, refreshable=false
2021-06-04T17:52:45.651Z [AUDIT] Token created by 'jffe@000': tokenId='015ee27e-088e-423a-87b2-072fcc5b0aed', issuer='jffe@000', subject='jffe@000/users/maven', expiry=1622829765651, refreshable=false
2021-06-04T17:52:45.760Z [AUDIT] Token created by 'jffe@000': tokenId='974d4520-2d96-4c29-9d79-b0abe0f07366', issuer='jffe@000', subject='jffe@000/users/maven', expiry=1622829765760, refreshable=false
2021-06-04T17:53:04.768Z [AUDIT] Token revoked by 'jffe@000': tokenId='83fe0e67-b7a9-4819-9fc1-0bfc96deba00', issuer='jffe@000', subject='jffe@000/users/maven', expiry=1622830965363, refreshable=true
2021-06-04T17:53:08.081Z [AUDIT] Token created by 'jffe@000': tokenId='b22a4b5a-2a5f-423a-82da-7bf0c2508ed1', issuer='jffe@000', subject='jffe@000/users/admin', expiry=1622830988079, refreshable=true
2021-06-04T17:53:08.144Z [AUDIT] Token created by 'jffe@000': tokenId='9a8eb63a-3a33-462e-876c-27d04790944c', issuer='jffe@000', subject='jffe@000/users/admin', expiry=1622829788144, refreshable=false
2021-06-04T17:53:08.144Z [AUDIT] Token created by 'jffe@000': tokenId='d911cfd9-ceec-4d72-bdce-915f1b98e122', issuer='jffe@000', subject='jffe@000/users/admin', expiry=1622829788144, refreshable=false
2021-06-04T17:53:08.146Z [AUDIT] Token created by 'jffe@000': tokenId='26265124-8fc7-4f60-8b4a-d1898fdadc21', issuer='jffe@000', subject='jffe@000/users/admin', expiry=1622829788146, refreshable=false
2021-06-04T17:53:08.441Z [AUDIT] Token created by 'jffe@000': tokenId='5297deda-b6a7-4519-9a65-b09d31925ff3', issuer='jffe@000', subject='jffe@000/users/admin', expiry=1622829788441, refreshable=false
2021-06-04T17:54:35.513Z [AUDIT] Token revoked by 'jffe@000': tokenId='b22a4b5a-2a5f-423a-82da-7bf0c2508ed1', issuer='jffe@000', subject='jffe@000/users/admin', expiry=1622830988079, refreshable=true
2021-06-04T17:54:38.419Z [AUDIT] Token created by 'jffe@000': tokenId='ea416b10-ab14-4860-82ad-c3db2abc6955', issuer='jffe@000', subject='jffe@000/users/maven', expiry=1622831078417, refreshable=true
2021-06-04T17:54:38.470Z [AUDIT] Token created by 'jffe@000': tokenId='28f998e6-94eb-4e1d-8d1a-a5559be5026d', issuer='jffe@000', subject='jffe@000/users/maven', expiry=1622829878470, refreshable=false
2021-06-04T17:54:38.747Z [AUDIT] Token created by 'jffe@000': tokenId='0d829c67-8c1d-4e4d-97f3-123afd27aab7', issuer='jffe@000', subject='jffe@000/users/maven', expiry=1622829878747, refreshable=false
2021-06-04T17:54:38.844Z [AUDIT] Token created by 'jffe@000': tokenId='b35c0e6a-18fc-4246-9920-33bffc863537', issuer='jffe@000', subject='jffe@000/users/maven', expiry=1622829878844, refreshable=false
2021-06-04T17:58:35.897Z [AUDIT] Token created by 'jffe@000': tokenId='4de73c33-8b44-46af-9409-85022ce50f5f', issuer='jffe@000', subject='jffe@000/users/jffe@000', expiry=1622830115897, refreshable=false
2021-06-04T17:58:35.897Z [AUDIT] Token created by 'jffe@000': tokenId='a245f565-4d1d-44d8-b753-4ea2d975bf72', issuer='jffe@000', subject='jffe@000/users/jffe@000', expiry=1622830115897, refreshable=false
2021-06-04T17:58:35.900Z [AUDIT] Token created by 'jffe@000': tokenId='1bf14b4d-a49f-4e15-a944-28ee2af8126c', issuer='jffe@000', subject='jffe@000/users/jffe@000', expiry=1622830115900, refreshable=false
2021-06-04T18:01:12.289Z [AUDIT] Token refreshed by 'jffe@000': oldTokenId='ea416b10-ab14-4860-82ad-c3db2abc6955', tokenId='9f5b8a8b-9fcd-4fa7-aed7-269d086649b3', issuer='jffe@000', subject='jffe@000/users/maven', expiry=1622831472286, refreshable=true
2021-06-04T18:04:38.590Z [AUDIT] Token created by 'jffe@000': tokenId='eb8e44f8-4afa-47c9-b06b-06700ee27530', issuer='jffe@000', subject='jffe@000/users/maven', expiry=1622830478590, refreshable=false
2021-06-04T18:08:36.031Z [AUDIT] Token created by 'jffe@000': tokenId='ee547cf1-bb1c-4f41-834d-f0867a776023', issuer='jffe@000', subject='jffe@000/users/jffe@000', expiry=1622830716030, refreshable=false
2021-06-04T18:08:36.031Z [AUDIT] Token created by 'jffe@000': tokenId='14e63e31-b119-4bbe-b8cf-e2bd0ac16444', issuer='jffe@000', subject='jffe@000/users/jffe@000', expiry=1622830716030, refreshable=false
2021-06-04T18:08:36.031Z [AUDIT] Token created by 'jffe@000': tokenId='6c767b5f-e377-4ef6-97f6-5a8efd36c958', issuer='jffe@000', subject='jffe@000/users/jffe@000', expiry=1622830716031, refreshable=false
2021-06-04T18:08:40.196Z [AUDIT] Token refreshed by 'jffe@000': oldTokenId='9f5b8a8b-9fcd-4fa7-aed7-269d086649b3', tokenId='25523846-d293-4699-8e20-8be64ed1c24c', issuer='jffe@000', subject='jffe@000/users/maven', expiry=1622831920193, refreshable=true
2021-06-04T18:09:23.185Z [AUDIT] Token revoked by 'jffe@000': tokenId='25523846-d293-4699-8e20-8be64ed1c24c', issuer='jffe@000', subject='jffe@000/users/maven', expiry=1622831920193, refreshable=true
2021-06-04T18:09:23.318Z [AUDIT] Token created by 'jffe@000': tokenId='d923b453-5072-401d-99c4-cb8be0d8b517', issuer='jffe@000', subject='jffe@000/users/anonymous', expiry=1622830763318, refreshable=false
2021-06-04T18:09:23.323Z [AUDIT] Token created by 'jffe@000': tokenId='6260e2ea-ed01-43a9-be99-cc556960bfde', issuer='jffe@000', subject='jffe@000/users/anonymous', expiry=1622830763323, refreshable=false
2021-06-04T18:09:23.327Z [AUDIT] Token created by 'jffe@000': tokenId='b921b003-e51b-4479-b6a1-683a12556365', issuer='jffe@000', subject='jffe@000/users/anonymous', expiry=1622830763327, refreshable=false
2021-06-04T18:09:23.335Z [AUDIT] Token created by 'jffe@000': tokenId='77c253d6-15e2-447e-ad74-42b7c9aa17c8', issuer='jffe@000', subject='jffe@000/users/anonymous', expiry=1622830763335, refreshable=false
2021-06-04T18:09:26.165Z [AUDIT] Token created by 'jffe@000': tokenId='e7bd5a74-d99a-42fc-815d-ddf18d0b7cda', issuer='jffe@000', subject='jffe@000/users/admin', expiry=1622831966164, refreshable=true
2021-06-04T18:09:26.234Z [AUDIT] Token created by 'jffe@000': tokenId='bf09b34a-2c1d-4cf2-9f29-b00fc31c9ad2', issuer='jffe@000', subject='jffe@000/users/admin', expiry=1622830766234, refreshable=false
2021-06-04T18:09:26.251Z [AUDIT] Token created by 'jffe@000': tokenId='ceb31916-9e68-4e97-a19d-da31ec17b311', issuer='jffe@000', subject='jffe@000/users/admin', expiry=1622830766251, refreshable=false
2021-06-04T18:09:26.254Z [AUDIT] Token created by 'jffe@000': tokenId='0c8e3f21-f542-4bc1-891f-7c6edbcb8fe1', issuer='jffe@000', subject='jffe@000/users/admin', expiry=1622830766254, refreshable=false
2021-06-04T18:09:26.597Z [AUDIT] Token created by 'jffe@000': tokenId='a5420dd9-519f-4e1f-bdf7-7bcc00a25943', issuer='jffe@000', subject='jffe@000/users/admin', expiry=1622830766597, refreshable=false
2021-06-04T18:18:36.125Z [AUDIT] Token created by 'jffe@000': tokenId='5a9a9dc7-aa60-434f-8d61-6377c2d90fcf', issuer='jffe@000', subject='jffe@000/users/jffe@000', expiry=1622831316125, refreshable=false
2021-06-04T18:18:36.125Z [AUDIT] Token created by 'jffe@000': tokenId='8ebf3352-e38a-46db-bf52-d952899587bc', issuer='jffe@000', subject='jffe@000/users/jffe@000', expiry=1622831316125, refreshable=false
2021-06-04T18:18:36.128Z [AUDIT] Token created by 'jffe@000': tokenId='fe540eb7-9ad0-4a4c-bfc8-2ecca6726a33', issuer='jffe@000', subject='jffe@000/users/jffe@000', expiry=1622831316128, refreshable=false
2021-06-04T18:19:26.434Z [AUDIT] Token created by 'jffe@000': tokenId='143d60f9-cab2-423d-bcbd-9b20ac92cc9d', issuer='jffe@000', subject='jffe@000/users/admin', expiry=1622831366434, refreshable=false
2021-06-04T18:19:48.919Z [AUDIT] Token refreshed by 'jffe@000': oldTokenId='e7bd5a74-d99a-42fc-815d-ddf18d0b7cda', tokenId='37846e2c-2ad5-420c-a0ed-9f0e289a7133', issuer='jffe@000', subject='jffe@000/users/admin', expiry=1622832588904, refreshable=true
2021-06-04T18:27:25.957Z [AUDIT] Token refreshed by 'jffe@000': oldTokenId='37846e2c-2ad5-420c-a0ed-9f0e289a7133', tokenId='76a4619b-69a2-425a-b797-f2d03822aba5', issuer='jffe@000', subject='jffe@000/users/admin', expiry=1622833045947, refreshable=true
2021-06-04T18:28:15.465Z [AUDIT] Token created by 'jffe@000': tokenId='aa7c184b-9b85-47dc-8b5e-6f69b593c3c2', issuer='jffe@000', subject='jffe@000/users/anonymous', expiry=1622831895465, refreshable=false
2021-06-04T18:28:15.563Z [AUDIT] Token created by 'jffe@000': tokenId='d6916562-d974-412f-97b0-54689bcca8ed', issuer='jffe@000', subject='jffe@000/users/admin', expiry=1622831895563, refreshable=false
2021-06-04T18:28:36.198Z [AUDIT] Token created by 'jffe@000': tokenId='f386a417-e258-4cab-9fda-562b2b41ea23', issuer='jffe@000', subject='jffe@000/users/jffe@000', expiry=1622831916197, refreshable=false
2021-06-04T18:28:36.198Z [AUDIT] Token created by 'jffe@000': tokenId='ee74df1a-c33a-427d-a530-271c3e264ad9', issuer='jffe@000', subject='jffe@000/users/jffe@000', expiry=1622831916197, refreshable=false
2021-06-04T18:28:36.198Z [AUDIT] Token created by 'jffe@000': tokenId='c46d9fa1-698f-428f-b631-5d34d948dc41', issuer='jffe@000', subject='jffe@000/users/jffe@000', expiry=1622831916197, refreshable=false
2021-06-04T18:29:29.532Z [AUDIT] Token created by 'jffe@000': tokenId='d98fd4bd-d9e1-43d9-9818-835d02b32a1b', issuer='jffe@000', subject='jffe@000/users/admin', expiry=1622831969532, refreshable=false
2021-06-18T17:32:43.581Z [AUDIT] Token created by 'anonymous': tokenId='0ddc6766-646d-4b65-a2f5-89387b0a3bbc', issuer='jfrou@01f7bxmqd0dz39ytngcn94xh5x', subject='jfrou@01f7bxmqd0dz39ytngcn94xh5x', expiry=none, refreshable=false
2021-06-18T17:32:47.861Z [AUDIT] Token created by 'anonymous': tokenId='cb5f3e06-a488-415c-a472-ccc8775098fa', issuer='jfac@01f7bxmgq0p92s0h4akgw40w65', subject='jfac@01f7bxmgq0p92s0h4akgw40w65', expiry=1624037687856, refreshable=false
2021-06-18T17:32:48.019Z [AUDIT] Token created by 'anonymous': tokenId='19c15fc0-dc46-40da-ad36-2144457f96ba', issuer='jfac@01f7bxmgq0p92s0h4akgw40w65', subject='jfac@01f7bxmgq0p92s0h4akgw40w65', expiry=1624037687999, refreshable=false
2021-06-18T17:32:48.247Z [AUDIT] Token created by 'anonymous': tokenId='4da402eb-c65c-4aa7-89a1-0e547423b680', issuer='jfac@01f7bxmgq0p92s0h4akgw40w65', subject='jfac@01f7bxmgq0p92s0h4akgw40w65', expiry=1624037688236, refreshable=false
2021-06-18T17:32:48.692Z [AUDIT] Token created by 'anonymous': tokenId='5e4e63a3-a091-4cd8-b275-c6801cf3dd2f', issuer='jfac@01f7bxmgq0p92s0h4akgw40w65', subject='jfac@01f7bxmgq0p92s0h4akgw40w65', expiry=1624037688682, refreshable=false
2021-06-18T17:32:49.360Z [AUDIT] Token created by 'anonymous': tokenId='adb5dfc0-9e87-4628-a3b3-9cf71478bb5c', issuer='jfmd@01f7bxmrqwj4d6qcvhz8mqq6aw', subject='jfmd@01f7bxmrqwj4d6qcvhz8mqq6aw', expiry=none, refreshable=false
2021-06-18T17:32:50.066Z [AUDIT] Token created by 'anonymous': tokenId='e92177a5-aeab-414f-be67-152bcb7b3b1c', issuer='jfrt@01f7bxn7q4e1f51je0frwt1mxc', subject='jfrt@01f7bxn7q4e1f51je0frwt1mxc', expiry=none, refreshable=false
2021-06-18T17:32:53.162Z [AUDIT] Token created by 'jfrt@01f7bxn7q4e1f51je0frwt1mxc': tokenId='4a06958a-a2bb-4920-b6bb-6b5fe0942fff', issuer='jfrt@01f7bxn7q4e1f51je0frwt1mxc', subject='jfrt@01f7bxn7q4e1f51je0frwt1mxc', expiry=2570117573160, refreshable=false
2021-06-18T17:33:00.104Z [AUDIT] Token created by 'anonymous': tokenId='85276a4d-cf15-4b9b-962c-e3cf9b16815d', issuer='jffe@000', subject='jffe@000', expiry=none, refreshable=false
2021-06-18T17:33:00.182Z [AUDIT] Token created by 'jffe@000': tokenId='c1ee091d-b542-495a-b68a-dc64f48977c4', issuer='jffe@000', subject='jffe@000/users/jffe@000', expiry=1624038180182, refreshable=false
2021-06-18T17:40:24.509Z [AUDIT] Token created by 'anonymous': tokenId='1e534854-7681-4407-953c-e322e6aa8113', issuer='jfrou@01f7bxmqd0dz39ytngcn94xh5x', subject='jfrou@01f7bxmqd0dz39ytngcn94xh5x', expiry=none, refreshable=false
2021-06-18T17:40:25.028Z [AUDIT] Token revoked by 'anonymous': tokenId='0ddc6766-646d-4b65-a2f5-89387b0a3bbc', issuer='jfrou@01f7bxmqd0dz39ytngcn94xh5x', subject='jfrou@01f7bxmqd0dz39ytngcn94xh5x', expiry=none, refreshable=false
2021-06-18T17:40:28.536Z [AUDIT] Token created by 'anonymous': tokenId='e36b80c2-d912-4b0b-a801-8b8f0ee67d3e', issuer='jfac@01f7bxmgq0p92s0h4akgw40w65', subject='jfac@01f7bxmgq0p92s0h4akgw40w65', expiry=1624038148530, refreshable=false
2021-06-18T17:40:28.663Z [AUDIT] Token created by 'anonymous': tokenId='2a4a880f-75d4-4622-ac79-a2630eb136f0', issuer='jfac@01f7bxmgq0p92s0h4akgw40w65', subject='jfac@01f7bxmgq0p92s0h4akgw40w65', expiry=1624038148659, refreshable=false
2021-06-18T17:40:28.901Z [AUDIT] Token created by 'anonymous': tokenId='acd2e2d4-81a5-482d-9b92-1209044b53bd', issuer='jfac@01f7bxmgq0p92s0h4akgw40w65', subject='jfac@01f7bxmgq0p92s0h4akgw40w65', expiry=1624038148885, refreshable=false
2021-06-18T17:40:29.368Z [AUDIT] Token created by 'anonymous': tokenId='7408cada-e942-4a78-91c4-3c3575d679f2', issuer='jfac@01f7bxmgq0p92s0h4akgw40w65', subject='jfac@01f7bxmgq0p92s0h4akgw40w65', expiry=1624038149357, refreshable=false
2021-06-18T17:40:30.192Z [AUDIT] Token created by 'anonymous': tokenId='7640ded1-0a32-4335-befe-d32429f3aa25', issuer='jfac@01f7bxmgq0p92s0h4akgw40w65', subject='jfac@01f7bxmgq0p92s0h4akgw40w65', expiry=1624038150189, refreshable=false
2021-06-18T17:40:31.012Z [AUDIT] Token created by 'anonymous': tokenId='4208c162-3d2a-4cf7-bb78-bf81498726b0', issuer='jfmd@01f7bxmrqwj4d6qcvhz8mqq6aw', subject='jfmd@01f7bxmrqwj4d6qcvhz8mqq6aw', expiry=none, refreshable=false
2021-06-18T17:40:31.028Z [AUDIT] Token revoked by 'anonymous': tokenId='adb5dfc0-9e87-4628-a3b3-9cf71478bb5c', issuer='jfmd@01f7bxmrqwj4d6qcvhz8mqq6aw', subject='jfmd@01f7bxmrqwj4d6qcvhz8mqq6aw', expiry=none, refreshable=false
2021-06-18T17:40:31.738Z [AUDIT] Token created by 'anonymous': tokenId='1d98d6b7-c1b7-4aaf-894a-38d628a67a2c', issuer='jfrt@01f7bxn7q4e1f51je0frwt1mxc', subject='jfrt@01f7bxn7q4e1f51je0frwt1mxc', expiry=none, refreshable=false
2021-06-18T17:40:31.747Z [AUDIT] Token revoked by 'anonymous': tokenId='e92177a5-aeab-414f-be67-152bcb7b3b1c', issuer='jfrt@01f7bxn7q4e1f51je0frwt1mxc', subject='jfrt@01f7bxn7q4e1f51je0frwt1mxc', expiry=none, refreshable=false
2021-06-18T17:40:34.427Z [AUDIT] Token created by 'jfrt@01f7bxn7q4e1f51je0frwt1mxc': tokenId='680cdae3-e6a3-46e4-b681-688ca9a7cf81', issuer='jfrt@01f7bxn7q4e1f51je0frwt1mxc', subject='jfrt@01f7bxn7q4e1f51je0frwt1mxc', expiry=2570118034420, refreshable=false
2021-06-18T17:40:41.936Z [AUDIT] Token created by 'anonymous': tokenId='14185633-be7a-4741-a447-9bf755335a31', issuer='jffe@000', subject='jffe@000', expiry=none, refreshable=false
2021-06-18T17:40:41.947Z [AUDIT] Token revoked by 'anonymous': tokenId='85276a4d-cf15-4b9b-962c-e3cf9b16815d', issuer='jffe@000', subject='jffe@000', expiry=none, refreshable=false
2021-06-18T17:40:42.084Z [AUDIT] Token created by 'jffe@000': tokenId='29361294-005f-4bc9-bc52-eba7faaa1e0b', issuer='jffe@000', subject='jffe@000/users/jffe@000', expiry=1624038642083, refreshable=false
2021-06-18T17:50:44.700Z [AUDIT] Token created by 'jffe@000': tokenId='4b164bad-7120-41fb-b1dd-f627f3a8090c', issuer='jffe@000', subject='jffe@000/users/jffe@000', expiry=1624039244700, refreshable=false
2021-06-18T17:50:44.700Z [AUDIT] Token created by 'jffe@000': tokenId='68e70c64-d71c-4e30-aa05-5a705c5b3fd3', issuer='jffe@000', subject='jffe@000/users/jffe@000', expiry=1624039244700, refreshable=false
2021-06-18T17:50:44.701Z [AUDIT] Token created by 'jffe@000': tokenId='9446b596-1fbc-4b77-a149-d791863bfa03', issuer='jffe@000', subject='jffe@000/users/jffe@000', expiry=1624039244700, refreshable=false
2021-06-18T18:00:44.740Z [AUDIT] Token created by 'jffe@000': tokenId='a1a4d660-bfcd-4d58-b43f-0982fd8e1351', issuer='jffe@000', subject='jffe@000/users/jffe@000', expiry=1624039844740, refreshable=false
2021-06-18T18:00:44.742Z [AUDIT] Token created by 'jffe@000': tokenId='3300c65a-879d-4a12-994c-02242f2d0a7a', issuer='jffe@000', subject='jffe@000/users/jffe@000', expiry=1624039844741, refreshable=false
2021-06-18T18:00:44.742Z [AUDIT] Token created by 'jffe@000': tokenId='76bf9b46-5652-4b95-aa5e-254926114241', issuer='jffe@000', subject='jffe@000/users/jffe@000', expiry=1624039844742, refreshable=false
2021-06-18T18:10:44.833Z [AUDIT] Token created by 'jffe@000': tokenId='3fdfbfda-8094-410c-8047-d5ab328f9244', issuer='jffe@000', subject='jffe@000/users/jffe@000', expiry=1624040444833, refreshable=false
2021-06-18T18:10:44.833Z [AUDIT] Token created by 'jffe@000': tokenId='f72c655b-79f4-40c7-99cf-0e69a00049b2', issuer='jffe@000', subject='jffe@000/users/jffe@000', expiry=1624040444833, refreshable=false
2021-06-18T18:10:44.834Z [AUDIT] Token created by 'jffe@000': tokenId='eb843c18-f7df-45c5-8906-cd86a15d5d71', issuer='jffe@000', subject='jffe@000/users/jffe@000', expiry=1624040444834, refreshable=false
2021-06-20T20:45:37.574Z [AUDIT] Token created by 'anonymous': tokenId='21f4a00f-8e78-4486-8c48-53023cba0fd1', issuer='jfrou@01f7bxmqd0dz39ytngcn94xh5x', subject='jfrou@01f7bxmqd0dz39ytngcn94xh5x', expiry=none, refreshable=false
2021-06-20T20:45:37.671Z [AUDIT] Token revoked by 'anonymous': tokenId='1e534854-7681-4407-953c-e322e6aa8113', issuer='jfrou@01f7bxmqd0dz39ytngcn94xh5x', subject='jfrou@01f7bxmqd0dz39ytngcn94xh5x', expiry=none, refreshable=false
2021-06-20T20:45:39.335Z [AUDIT] Token created by 'anonymous': tokenId='321085bb-3fbd-495f-b68a-73dfc0fa6cf6', issuer='jfmd@01f7bxmrqwj4d6qcvhz8mqq6aw', subject='jfmd@01f7bxmrqwj4d6qcvhz8mqq6aw', expiry=none, refreshable=false
2021-06-20T20:45:39.371Z [AUDIT] Token revoked by 'anonymous': tokenId='4208c162-3d2a-4cf7-bb78-bf81498726b0', issuer='jfmd@01f7bxmrqwj4d6qcvhz8mqq6aw', subject='jfmd@01f7bxmrqwj4d6qcvhz8mqq6aw', expiry=none, refreshable=false
2021-06-20T20:45:39.750Z [AUDIT] Token created by 'anonymous': tokenId='36e5a414-02c2-494c-b272-4bcc8cdf5c56', issuer='jfrt@01f7bxn7q4e1f51je0frwt1mxc', subject='jfrt@01f7bxn7q4e1f51je0frwt1mxc', expiry=none, refreshable=false
2021-06-20T20:45:39.760Z [AUDIT] Token revoked by 'anonymous': tokenId='1d98d6b7-c1b7-4aaf-894a-38d628a67a2c', issuer='jfrt@01f7bxn7q4e1f51je0frwt1mxc', subject='jfrt@01f7bxn7q4e1f51je0frwt1mxc', expiry=none, refreshable=false
2021-06-20T20:45:41.944Z [AUDIT] Token created by 'jfrt@01f7bxn7q4e1f51je0frwt1mxc': tokenId='964cc334-2358-426b-bf5d-ad6885233dfd', issuer='jfrt@01f7bxn7q4e1f51je0frwt1mxc', subject='jfrt@01f7bxn7q4e1f51je0frwt1mxc', expiry=2570301941942, refreshable=false
2021-06-20T20:45:42.556Z [AUDIT] Token created by 'anonymous': tokenId='cc9b95bb-5a58-486a-9e8e-3fb5a31f0827', issuer='jfac@01f7bxmgq0p92s0h4akgw40w65', subject='jfac@01f7bxmgq0p92s0h4akgw40w65', expiry=1624222062548, refreshable=false
2021-06-20T20:45:48.489Z [AUDIT] Token created by 'anonymous': tokenId='443089c9-f3b5-4c88-91c0-14c8bee36c43', issuer='jffe@000', subject='jffe@000', expiry=none, refreshable=false
2021-06-20T20:45:48.497Z [AUDIT] Token revoked by 'anonymous': tokenId='14185633-be7a-4741-a447-9bf755335a31', issuer='jffe@000', subject='jffe@000', expiry=none, refreshable=false
2021-06-20T20:45:48.706Z [AUDIT] Token created by 'jffe@000': tokenId='7810124b-9741-4e87-ac19-fcda95af9371', issuer='jffe@000', subject='jffe@000/users/jffe@000', expiry=1624222548706, refreshable=false
2021-06-20T21:17:55.644Z [AUDIT] Token created by 'anonymous': tokenId='ca6ab5b8-bde1-4058-b3da-e83a661d7cbd', issuer='jfrou@01f7bxmqd0dz39ytngcn94xh5x', subject='jfrou@01f7bxmqd0dz39ytngcn94xh5x', expiry=none, refreshable=false
2021-06-20T21:17:55.736Z [AUDIT] Token revoked by 'anonymous': tokenId='21f4a00f-8e78-4486-8c48-53023cba0fd1', issuer='jfrou@01f7bxmqd0dz39ytngcn94xh5x', subject='jfrou@01f7bxmqd0dz39ytngcn94xh5x', expiry=none, refreshable=false
2021-06-20T21:17:56.698Z [AUDIT] Token created by 'anonymous': tokenId='6c8d803d-6190-4820-b779-ecd19d6fa4b7', issuer='jfmd@01f7bxmrqwj4d6qcvhz8mqq6aw', subject='jfmd@01f7bxmrqwj4d6qcvhz8mqq6aw', expiry=none, refreshable=false
2021-06-20T21:17:56.713Z [AUDIT] Token revoked by 'anonymous': tokenId='321085bb-3fbd-495f-b68a-73dfc0fa6cf6', issuer='jfmd@01f7bxmrqwj4d6qcvhz8mqq6aw', subject='jfmd@01f7bxmrqwj4d6qcvhz8mqq6aw', expiry=none, refreshable=false
2021-06-20T21:17:57.239Z [AUDIT] Token created by 'anonymous': tokenId='89dcbfc2-def8-4286-a390-28a89877b238', issuer='jfrt@01f7bxn7q4e1f51je0frwt1mxc', subject='jfrt@01f7bxn7q4e1f51je0frwt1mxc', expiry=none, refreshable=false
2021-06-20T21:17:57.246Z [AUDIT] Token revoked by 'anonymous': tokenId='36e5a414-02c2-494c-b272-4bcc8cdf5c56', issuer='jfrt@01f7bxn7q4e1f51je0frwt1mxc', subject='jfrt@01f7bxn7q4e1f51je0frwt1mxc', expiry=none, refreshable=false
2021-06-20T21:17:57.927Z [AUDIT] Token created by 'anonymous': tokenId='fd4bf15d-8de1-40d7-add9-b23e38a35383', issuer='jfac@01f7bxmgq0p92s0h4akgw40w65', subject='jfac@01f7bxmgq0p92s0h4akgw40w65', expiry=1624223997924, refreshable=false
2021-06-20T21:17:59.013Z [AUDIT] Token created by 'jfrt@01f7bxn7q4e1f51je0frwt1mxc': tokenId='7aecdcad-bf87-4846-a9f2-a0b8c17eed8a', issuer='jfrt@01f7bxn7q4e1f51je0frwt1mxc', subject='jfrt@01f7bxn7q4e1f51je0frwt1mxc', expiry=2570303879011, refreshable=false
2021-06-20T21:18:04.466Z [AUDIT] Token created by 'anonymous': tokenId='ccfab408-b990-43e5-8a63-419d2234895e', issuer='jffe@000', subject='jffe@000', expiry=none, refreshable=false
2021-06-20T21:18:04.473Z [AUDIT] Token revoked by 'anonymous': tokenId='443089c9-f3b5-4c88-91c0-14c8bee36c43', issuer='jffe@000', subject='jffe@000', expiry=none, refreshable=false
2021-06-20T21:18:04.543Z [AUDIT] Token created by 'jffe@000': tokenId='1fa09dd5-aba5-4a0d-8efe-9412c6e174b4', issuer='jffe@000', subject='jffe@000/users/jffe@000', expiry=1624224484543, refreshable=false
2021-06-20T21:32:12.009Z [AUDIT] Token created by 'anonymous': tokenId='327a6f7c-532f-461d-9a7d-6ba09d298699', issuer='jfrou@01f7bxmqd0dz39ytngcn94xh5x', subject='jfrou@01f7bxmqd0dz39ytngcn94xh5x', expiry=none, refreshable=false
2021-06-20T21:32:12.104Z [AUDIT] Token revoked by 'anonymous': tokenId='ca6ab5b8-bde1-4058-b3da-e83a661d7cbd', issuer='jfrou@01f7bxmqd0dz39ytngcn94xh5x', subject='jfrou@01f7bxmqd0dz39ytngcn94xh5x', expiry=none, refreshable=false
2021-06-20T21:32:14.278Z [AUDIT] Token created by 'anonymous': tokenId='9d271b4c-b168-4a07-b2dd-bde866ced2cd', issuer='jfac@01f7bxmgq0p92s0h4akgw40w65', subject='jfac@01f7bxmgq0p92s0h4akgw40w65', expiry=1624224854274, refreshable=false
2021-06-20T21:32:14.408Z [AUDIT] Token created by 'anonymous': tokenId='8fa12791-a5a7-4203-a4dc-cdfbfcb2328a', issuer='jfac@01f7bxmgq0p92s0h4akgw40w65', subject='jfac@01f7bxmgq0p92s0h4akgw40w65', expiry=1624224854405, refreshable=false
2021-06-20T21:32:14.630Z [AUDIT] Token created by 'anonymous': tokenId='6f7b883e-fb8b-4a6e-81a6-4252ec2abb0d', issuer='jfac@01f7bxmgq0p92s0h4akgw40w65', subject='jfac@01f7bxmgq0p92s0h4akgw40w65', expiry=1624224854627, refreshable=false
2021-06-20T21:32:15.518Z [AUDIT] Token created by 'anonymous': tokenId='a25380de-24ec-4e10-bf58-6b6b3267b7e1', issuer='jfmd@01f7bxmrqwj4d6qcvhz8mqq6aw', subject='jfmd@01f7bxmrqwj4d6qcvhz8mqq6aw', expiry=none, refreshable=false
2021-06-20T21:32:15.526Z [AUDIT] Token revoked by 'anonymous': tokenId='6c8d803d-6190-4820-b779-ecd19d6fa4b7', issuer='jfmd@01f7bxmrqwj4d6qcvhz8mqq6aw', subject='jfmd@01f7bxmrqwj4d6qcvhz8mqq6aw', expiry=none, refreshable=false
2021-06-20T21:32:15.567Z [AUDIT] Token created by 'anonymous': tokenId='b760d472-4d75-42ca-8876-a6aa4534db0a', issuer='jfrt@01f7bxn7q4e1f51je0frwt1mxc', subject='jfrt@01f7bxn7q4e1f51je0frwt1mxc', expiry=none, refreshable=false
2021-06-20T21:32:15.576Z [AUDIT] Token revoked by 'anonymous': tokenId='89dcbfc2-def8-4286-a390-28a89877b238', issuer='jfrt@01f7bxn7q4e1f51je0frwt1mxc', subject='jfrt@01f7bxn7q4e1f51je0frwt1mxc', expiry=none, refreshable=false
2021-06-20T21:32:17.022Z [AUDIT] Token created by 'jfrt@01f7bxn7q4e1f51je0frwt1mxc': tokenId='dd7d6c66-36a3-4331-8155-f2254a867bb6', issuer='jfrt@01f7bxn7q4e1f51je0frwt1mxc', subject='jfrt@01f7bxn7q4e1f51je0frwt1mxc', expiry=2570304737017, refreshable=false
2021-06-20T21:32:22.385Z [AUDIT] Token created by 'anonymous': tokenId='cc4fbdd0-1e28-4197-a51f-ce11b82c0c9a', issuer='jffe@000', subject='jffe@000', expiry=none, refreshable=false
2021-06-20T21:32:22.391Z [AUDIT] Token revoked by 'anonymous': tokenId='ccfab408-b990-43e5-8a63-419d2234895e', issuer='jffe@000', subject='jffe@000', expiry=none, refreshable=false
2021-06-20T21:32:22.447Z [AUDIT] Token created by 'jffe@000': tokenId='71a1df87-2f7e-4954-9b5f-400af6c6c5de', issuer='jffe@000', subject='jffe@000/users/jffe@000', expiry=1624225342447, refreshable=false
2021-06-20T21:42:24.867Z [AUDIT] Token created by 'jffe@000': tokenId='6b1e2b95-8d03-4662-a680-54fb55c87ae9', issuer='jffe@000', subject='jffe@000/users/jffe@000', expiry=1624225944866, refreshable=false
2021-06-20T21:42:24.867Z [AUDIT] Token created by 'jffe@000': tokenId='44b52e7e-9bdb-4d96-b0b8-631af02d9152', issuer='jffe@000', subject='jffe@000/users/jffe@000', expiry=1624225944867, refreshable=false
2021-06-20T21:42:24.869Z [AUDIT] Token created by 'jffe@000': tokenId='c64d6f5b-75ee-4502-906d-ed9f05cd2a59', issuer='jffe@000', subject='jffe@000/users/jffe@000', expiry=1624225944869, refreshable=false
2021-06-20T21:52:24.980Z [AUDIT] Token created by 'jffe@000': tokenId='d26bbf7f-6775-4e84-a615-d668e86ab662', issuer='jffe@000', subject='jffe@000/users/jffe@000', expiry=1624226544980, refreshable=false
2021-06-20T21:52:24.982Z [AUDIT] Token created by 'jffe@000': tokenId='4eeaf427-4e25-4ebe-af2d-6502b2c7ffd6', issuer='jffe@000', subject='jffe@000/users/jffe@000', expiry=1624226544981, refreshable=false
2021-06-20T21:52:24.990Z [AUDIT] Token created by 'jffe@000': tokenId='aef0bd08-ced6-484d-b5a7-f3ec858bb902', issuer='jffe@000', subject='jffe@000/users/jffe@000', expiry=1624226544990, refreshable=false
2021-06-20T22:02:25.042Z [AUDIT] Token created by 'jffe@000': tokenId='07026148-de91-4c50-b6bb-06dc2cc0393d', issuer='jffe@000', subject='jffe@000/users/jffe@000', expiry=1624227145042, refreshable=false
2021-06-20T22:02:25.042Z [AUDIT] Token created by 'jffe@000': tokenId='99ff8eec-e993-4d19-89f2-85101a2a1a52', issuer='jffe@000', subject='jffe@000/users/jffe@000', expiry=1624227145042, refreshable=false
2021-06-20T22:02:25.042Z [AUDIT] Token created by 'jffe@000': tokenId='20c6fe74-c7e8-4740-b57b-07c650bec75c', issuer='jffe@000', subject='jffe@000/users/jffe@000', expiry=1624227145042, refreshable=false
2021-06-21T15:05:55.143Z [AUDIT] Token created by 'anonymous': tokenId='2f46a751-983a-4b4d-837c-015cf1c82d24', issuer='jfrou@01f7bxmqd0dz39ytngcn94xh5x', subject='jfrou@01f7bxmqd0dz39ytngcn94xh5x', expiry=none, refreshable=false
2021-06-21T15:05:55.243Z [AUDIT] Token revoked by 'anonymous': tokenId='327a6f7c-532f-461d-9a7d-6ba09d298699', issuer='jfrou@01f7bxmqd0dz39ytngcn94xh5x', subject='jfrou@01f7bxmqd0dz39ytngcn94xh5x', expiry=none, refreshable=false
2021-06-21T15:05:55.911Z [AUDIT] Token created by 'anonymous': tokenId='940e3c1c-6081-4c99-b39e-62c180c7c3cc', issuer='jfmd@01f7bxmrqwj4d6qcvhz8mqq6aw', subject='jfmd@01f7bxmrqwj4d6qcvhz8mqq6aw', expiry=none, refreshable=false
2021-06-21T15:05:56.009Z [AUDIT] Token revoked by 'anonymous': tokenId='a25380de-24ec-4e10-bf58-6b6b3267b7e1', issuer='jfmd@01f7bxmrqwj4d6qcvhz8mqq6aw', subject='jfmd@01f7bxmrqwj4d6qcvhz8mqq6aw', expiry=none, refreshable=false
2021-06-21T15:05:56.880Z [AUDIT] Token created by 'anonymous': tokenId='2b6acc3b-b854-4c8f-bec1-c3da59c50b49', issuer='jfrt@01f7bxn7q4e1f51je0frwt1mxc', subject='jfrt@01f7bxn7q4e1f51je0frwt1mxc', expiry=none, refreshable=false
2021-06-21T15:05:56.914Z [AUDIT] Token revoked by 'anonymous': tokenId='b760d472-4d75-42ca-8876-a6aa4534db0a', issuer='jfrt@01f7bxn7q4e1f51je0frwt1mxc', subject='jfrt@01f7bxn7q4e1f51je0frwt1mxc', expiry=none, refreshable=false
2021-06-21T15:05:57.679Z [AUDIT] Token created by 'anonymous': tokenId='08cbfbf8-5aad-4953-bc5c-9cd88bd27ed5', issuer='jfac@01f7bxmgq0p92s0h4akgw40w65', subject='jfac@01f7bxmgq0p92s0h4akgw40w65', expiry=1624288077673, refreshable=false
2021-06-21T15:06:00.924Z [AUDIT] Token created by 'jfrt@01f7bxn7q4e1f51je0frwt1mxc': tokenId='25c923b7-d27c-4538-90da-3b244cde42be', issuer='jfrt@01f7bxn7q4e1f51je0frwt1mxc', subject='jfrt@01f7bxn7q4e1f51je0frwt1mxc', expiry=2570367960918, refreshable=false
2021-06-21T15:06:10.310Z [AUDIT] Token created by 'anonymous': tokenId='a127437a-4421-4850-9a18-d4fcb5fcdc68', issuer='jffe@000', subject='jffe@000', expiry=none, refreshable=false
2021-06-21T15:06:10.321Z [AUDIT] Token revoked by 'anonymous': tokenId='cc4fbdd0-1e28-4197-a51f-ce11b82c0c9a', issuer='jffe@000', subject='jffe@000', expiry=none, refreshable=false
2021-06-21T15:06:10.426Z [AUDIT] Token created by 'jffe@000': tokenId='725e024e-18c5-4771-ab3d-170fe8befbae', issuer='jffe@000', subject='jffe@000/users/jffe@000', expiry=1624288570425, refreshable=false
2021-06-21T15:16:13.152Z [AUDIT] Token created by 'jffe@000': tokenId='be7cdabf-e92e-462c-b235-bef280e3bdff', issuer='jffe@000', subject='jffe@000/users/jffe@000', expiry=1624289173152, refreshable=false
2021-06-21T15:16:13.156Z [AUDIT] Token created by 'jffe@000': tokenId='fe525cbc-6c56-4072-808c-090f94d1e94c', issuer='jffe@000', subject='jffe@000/users/jffe@000', expiry=1624289173156, refreshable=false
2021-06-21T15:16:13.156Z [AUDIT] Token created by 'jffe@000': tokenId='8427683c-d28b-4918-8236-ebc13a83dcc0', issuer='jffe@000', subject='jffe@000/users/jffe@000', expiry=1624289173156, refreshable=false
2021-06-21T15:26:13.270Z [AUDIT] Token created by 'jffe@000': tokenId='cdc49093-a4f1-4e4b-90f1-3d06085548ad', issuer='jffe@000', subject='jffe@000/users/jffe@000', expiry=1624289773270, refreshable=false
2021-06-21T15:26:13.270Z [AUDIT] Token created by 'jffe@000': tokenId='9a981181-d101-4e47-9036-94497209f0eb', issuer='jffe@000', subject='jffe@000/users/jffe@000', expiry=1624289773270, refreshable=false
2021-06-21T15:26:13.274Z [AUDIT] Token created by 'jffe@000': tokenId='ac7488fb-71ee-4a9d-857d-1971b40a190a', issuer='jffe@000', subject='jffe@000/users/jffe@000', expiry=1624289773274, refreshable=false
2021-06-21T15:36:13.347Z [AUDIT] Token created by 'jffe@000': tokenId='d2cc94a2-82f8-4635-b220-1e8165115200', issuer='jffe@000', subject='jffe@000/users/jffe@000', expiry=1624290373347, refreshable=false
2021-06-21T15:36:13.347Z [AUDIT] Token created by 'jffe@000': tokenId='be2c9e50-9e44-4e2a-9600-232d95926d7e', issuer='jffe@000', subject='jffe@000/users/jffe@000', expiry=1624290373347, refreshable=false
2021-06-21T15:36:13.353Z [AUDIT] Token created by 'jffe@000': tokenId='a5508471-503f-4a76-94cf-eac9a0afa6ff', issuer='jffe@000', subject='jffe@000/users/jffe@000', expiry=1624290373353, refreshable=false
2021-06-21T15:46:13.388Z [AUDIT] Token created by 'jffe@000': tokenId='89cd071b-5157-4c0b-a791-3350eaab6855', issuer='jffe@000', subject='jffe@000/users/jffe@000', expiry=1624290973388, refreshable=false
2021-06-21T15:46:13.389Z [AUDIT] Token created by 'jffe@000': tokenId='e8c9f1be-348c-4019-aea1-77ad9a6abd13', issuer='jffe@000', subject='jffe@000/users/jffe@000', expiry=1624290973388, refreshable=false
2021-06-21T15:46:13.390Z [AUDIT] Token created by 'jffe@000': tokenId='10b92f75-d5f1-4b93-b35a-167bc746d607', issuer='jffe@000', subject='jffe@000/users/jffe@000', expiry=1624290973390, refreshable=false
2021-06-21T15:47:07.822Z [AUDIT] Token created by 'jffe@000': tokenId='534d1ce5-9dff-4381-80e3-c7975f18221a', issuer='jffe@000', subject='jffe@000/users/anonymous', expiry=1624291027821, refreshable=false
2021-06-21T15:47:07.824Z [AUDIT] Token created by 'jffe@000': tokenId='769242a3-9860-467d-9d4c-c23927bab849', issuer='jffe@000', subject='jffe@000/users/anonymous', expiry=1624291027824, refreshable=false
2021-06-21T15:47:07.822Z [AUDIT] Token created by 'jffe@000': tokenId='256e22fc-24fb-4e07-9dc3-bd298bb6b720', issuer='jffe@000', subject='jffe@000/users/anonymous', expiry=1624291027821, refreshable=false
2021-06-21T15:47:07.847Z [AUDIT] Token created by 'jffe@000': tokenId='82666c6e-1767-41ac-9033-e2fdc52decf7', issuer='jffe@000', subject='jffe@000/users/anonymous', expiry=1624291027847, refreshable=false
2021-06-21T15:47:30.815Z [AUDIT] Token created by 'jfrt@01f7bxn7q4e1f51je0frwt1mxc': tokenId='18e812fd-7a0e-4325-90f8-5698cb4a25d9', issuer='jfrt@01f7bxn7q4e1f51je0frwt1mxc', subject='jfrt@01f7bxn7q4e1f51je0frwt1mxc/users/admin', expiry=1626709650813, refreshable=false
2021-06-21T15:47:30.945Z [AUDIT] Token created by 'jffe@000': tokenId='820a1248-b26e-4a2c-8372-acd31277140c', issuer='jffe@000', subject='jffe@000/users/admin', expiry=1624292250944, refreshable=true
2021-06-21T15:47:31.105Z [AUDIT] Token created by 'jffe@000': tokenId='0c839776-5df1-4104-b833-708396fe3e51', issuer='jffe@000', subject='jffe@000/users/admin', expiry=1624291051104, refreshable=false
2021-06-21T15:47:31.112Z [AUDIT] Token created by 'jffe@000': tokenId='d8642ed7-51e9-4892-9edb-ee56d1a7b875', issuer='jffe@000', subject='jffe@000/users/admin', expiry=1624291051111, refreshable=false
2021-06-21T15:47:31.112Z [AUDIT] Token created by 'jffe@000': tokenId='5200ef87-aabd-4611-b760-5651b30f0afb', issuer='jffe@000', subject='jffe@000/users/admin', expiry=1624291051111, refreshable=false
2021-06-21T15:47:31.707Z [AUDIT] Token created by 'jffe@000': tokenId='2bbb50a4-e3c9-4660-aad4-11f2799dfe53', issuer='jffe@000', subject='jffe@000/users/admin', expiry=1624291051706, refreshable=false
2021-06-21T15:56:13.454Z [AUDIT] Token created by 'jffe@000': tokenId='19777a49-06a0-4d18-9714-15e709d41e58', issuer='jffe@000', subject='jffe@000/users/jffe@000', expiry=1624291573454, refreshable=false
2021-06-21T15:56:13.454Z [AUDIT] Token created by 'jffe@000': tokenId='13b05b8a-495b-4d2a-9d98-4718d14de3db', issuer='jffe@000', subject='jffe@000/users/jffe@000', expiry=1624291573454, refreshable=false
2021-06-21T15:56:13.455Z [AUDIT] Token created by 'jffe@000': tokenId='c88e65d0-0d65-4019-9950-f9b2320e7324', issuer='jffe@000', subject='jffe@000/users/jffe@000', expiry=1624291573454, refreshable=false
2021-06-21T15:57:32.738Z [AUDIT] Token created by 'jffe@000': tokenId='40f762c3-9370-4364-94a4-5bd71bdc9d12', issuer='jffe@000', subject='jffe@000/users/admin', expiry=1624291652738, refreshable=false
2021-06-21T16:05:51.923Z [AUDIT] Token revoked by 'anonymous': tokenId='64b0a9b0-caa1-443b-ae74-e2ed0ad5d240', issuer='jffe@000', subject='jffe@000', expiry=none, refreshable=false
2021-06-21T16:05:51.933Z [AUDIT] Token revoked by 'anonymous': tokenId='6f720c48-1b70-43f6-a780-662d379d8271', issuer='jfmd@01f7bxmrqwj4d6qcvhz8mqq6aw', subject='jfmd@01f7bxmrqwj4d6qcvhz8mqq6aw', expiry=none, refreshable=false
2021-06-21T16:05:51.940Z [AUDIT] Token revoked by 'anonymous': tokenId='2c368e89-dacf-4f97-bdb7-291067438e25', issuer='jfevt@01f7bxmgq0p92s0h4akgw40w65', subject='jfevt@01f7bxmgq0p92s0h4akgw40w65', expiry=none, refreshable=false
2021-06-21T16:05:51.949Z [AUDIT] Token revoked by 'anonymous': tokenId='26a6a75c-eb18-4899-9327-68441af71794', issuer='jfrt@01f7bxn7q4e1f51je0frwt1mxc', subject='jfrt@01f7bxn7q4e1f51je0frwt1mxc', expiry=none, refreshable=false
2021-06-21T16:06:13.523Z [AUDIT] Token created by 'jffe@000': tokenId='1011e05e-14fc-481d-9e21-9ce01ec54ab9', issuer='jffe@000', subject='jffe@000/users/jffe@000', expiry=1624292173523, refreshable=false
2021-06-21T16:06:13.527Z [AUDIT] Token created by 'jffe@000': tokenId='56e6490c-939f-4c6d-996f-ac94e0a44e3c', issuer='jffe@000', subject='jffe@000/users/jffe@000', expiry=1624292173526, refreshable=false
2021-06-21T16:06:13.530Z [AUDIT] Token created by 'jffe@000': tokenId='e3114b57-c0fc-48a0-aa04-5dc5f4338cc3', issuer='jffe@000', subject='jffe@000/users/jffe@000', expiry=1624292173530, refreshable=false
2021-06-21T16:07:32.736Z [AUDIT] Token created by 'jffe@000': tokenId='e400b13a-7e2e-40dd-aa5d-5660d77b068b', issuer='jffe@000', subject='jffe@000/users/admin', expiry=1624292252735, refreshable=false
2021-06-21T16:16:13.614Z [AUDIT] Token created by 'jffe@000': tokenId='bfcc5f42-8e98-4198-8d2a-9b32db22c595', issuer='jffe@000', subject='jffe@000/users/jffe@000', expiry=1624292773614, refreshable=false
2021-06-21T16:16:13.614Z [AUDIT] Token created by 'jffe@000': tokenId='216eef87-85f0-4124-a57e-ddaca6b3130c', issuer='jffe@000', subject='jffe@000/users/jffe@000', expiry=1624292773614, refreshable=false
2021-06-21T16:16:13.617Z [AUDIT] Token created by 'jffe@000': tokenId='d137cf1c-27d7-499b-bc15-6f4482c7e4e0', issuer='jffe@000', subject='jffe@000/users/jffe@000', expiry=1624292773617, refreshable=false
2021-06-21T16:17:32.832Z [AUDIT] Token created by 'jffe@000': tokenId='51f8f6dd-f3a2-401d-b4da-d0760cea90fb', issuer='jffe@000', subject='jffe@000/users/admin', expiry=1624294052830, refreshable=true
2021-06-21T16:17:32.859Z [AUDIT] Token created by 'jffe@000': tokenId='34df3963-023f-40b4-9530-297a06e20824', issuer='jffe@000', subject='jffe@000/users/admin', expiry=1624292852859, refreshable=false
2021-06-21T16:18:32.736Z [AUDIT] Token created by 'jffe@000': tokenId='25f8733e-6273-494e-a493-b72c5146c2c8', issuer='jffe@000', subject='jffe@000/users/admin', expiry=1624292912736, refreshable=false
2021-06-21T16:26:13.698Z [AUDIT] Token created by 'jffe@000': tokenId='a9ca0716-a327-4483-9fb7-c9307212b7c7', issuer='jffe@000', subject='jffe@000/users/jffe@000', expiry=1624293373698, refreshable=false
2021-06-21T16:26:13.698Z [AUDIT] Token created by 'jffe@000': tokenId='f06cf92b-687c-41ce-8ee8-914f21765a49', issuer='jffe@000', subject='jffe@000/users/jffe@000', expiry=1624293373698, refreshable=false
2021-06-21T16:26:13.699Z [AUDIT] Token created by 'jffe@000': tokenId='bb5f7359-75f2-4374-85f7-c6dd1dfaabeb', issuer='jffe@000', subject='jffe@000/users/jffe@000', expiry=1624293373699, refreshable=false
2021-06-21T16:28:29.117Z [AUDIT] Token refreshed by 'jffe@000': oldTokenId='51f8f6dd-f3a2-401d-b4da-d0760cea90fb', tokenId='3b4e3211-0e83-4697-90ed-da9463b71247', issuer='jffe@000', subject='jffe@000/users/admin', expiry=1624294709114, refreshable=true
2021-06-21T16:28:46.729Z [AUDIT] Token created by 'jffe@000': tokenId='401a1ff1-f752-45b2-91ee-e9bcf80270e4', issuer='jffe@000', subject='jffe@000/users/admin', expiry=1624293526729, refreshable=false
2021-06-21T16:36:13.779Z [AUDIT] Token created by 'jffe@000': tokenId='cf1d92aa-5171-4036-a8c4-813fc6698d64', issuer='jffe@000', subject='jffe@000/users/jffe@000', expiry=1624293973779, refreshable=false
2021-06-21T16:36:13.781Z [AUDIT] Token created by 'jffe@000': tokenId='185f9efc-9cbe-4a49-b81a-199f7eb2f6b9', issuer='jffe@000', subject='jffe@000/users/jffe@000', expiry=1624293973781, refreshable=false
2021-06-21T16:36:13.781Z [AUDIT] Token created by 'jffe@000': tokenId='363badbb-408c-4816-bf7d-e666401b8546', issuer='jffe@000', subject='jffe@000/users/jffe@000', expiry=1624293973781, refreshable=false
2021-06-21T16:39:32.744Z [AUDIT] Token created by 'jffe@000': tokenId='a5e90d0d-3312-4b0c-a3de-1fdb3b0965f0', issuer='jffe@000', subject='jffe@000/users/admin', expiry=1624294172744, refreshable=false
2021-06-21T16:46:13.898Z [AUDIT] Token created by 'jffe@000': tokenId='09db98f9-1a5d-4da4-8ea3-f00f0a8a3026', issuer='jffe@000', subject='jffe@000/users/jffe@000', expiry=1624294573898, refreshable=false
2021-06-21T16:46:13.898Z [AUDIT] Token created by 'jffe@000': tokenId='c11c5fa4-7b22-41cf-8b37-709fe85e4c4d', issuer='jffe@000', subject='jffe@000/users/jffe@000', expiry=1624294573898, refreshable=false
2021-06-21T16:46:13.904Z [AUDIT] Token created by 'jffe@000': tokenId='f7c0264d-8083-435a-af20-779dd7ea212e', issuer='jffe@000', subject='jffe@000/users/jffe@000', expiry=1624294573903, refreshable=false
2021-06-21T16:49:32.730Z [AUDIT] Token created by 'jffe@000': tokenId='a881337c-d878-46c1-8561-8f98ac879279', issuer='jffe@000', subject='jffe@000/users/admin', expiry=1624294772730, refreshable=false
2021-06-21T16:56:14.005Z [AUDIT] Token created by 'jffe@000': tokenId='9ab0a8f0-c5bb-4279-b66c-5bd3b1b1f06c', issuer='jffe@000', subject='jffe@000/users/jffe@000', expiry=1624295174005, refreshable=false
2021-06-21T16:56:14.005Z [AUDIT] Token created by 'jffe@000': tokenId='d0c773c4-807d-4603-82b2-e99364c0afc0', issuer='jffe@000', subject='jffe@000/users/jffe@000', expiry=1624295174005, refreshable=false
2021-06-21T16:56:14.005Z [AUDIT] Token created by 'jffe@000': tokenId='5f4b48f0-e2cb-433d-9b47-5e22d9387f69', issuer='jffe@000', subject='jffe@000/users/jffe@000', expiry=1624295174005, refreshable=false
2021-06-21T16:58:32.788Z [AUDIT] Token created by 'jffe@000': tokenId='5d12ab6b-1ef3-450a-b2d4-89aedeeb7328', issuer='jffe@000', subject='jffe@000/users/admin', expiry=1624296512786, refreshable=true
2021-06-21T16:59:32.733Z [AUDIT] Token created by 'jffe@000': tokenId='6dd654de-674d-4cf7-8566-5306cae29605', issuer='jffe@000', subject='jffe@000/users/admin', expiry=1624295372733, refreshable=false
2021-06-21T17:06:14.161Z [AUDIT] Token created by 'jffe@000': tokenId='1c7d3910-75ff-4d8e-a284-5a8cf6b9a4b7', issuer='jffe@000', subject='jffe@000/users/jffe@000', expiry=1624295774161, refreshable=false
2021-06-21T17:06:14.161Z [AUDIT] Token created by 'jffe@000': tokenId='dbb860b2-6138-4940-9a99-363352b39fee', issuer='jffe@000', subject='jffe@000/users/jffe@000', expiry=1624295774161, refreshable=false
2021-06-21T17:06:14.162Z [AUDIT] Token created by 'jffe@000': tokenId='98ed310a-9aeb-4dca-90ea-a751b43edad0', issuer='jffe@000', subject='jffe@000/users/jffe@000', expiry=1624295774162, refreshable=false
2021-06-21T17:09:32.728Z [AUDIT] Token created by 'jffe@000': tokenId='6b63d1c6-3e27-4d46-b657-d464afec5c55', issuer='jffe@000', subject='jffe@000/users/admin', expiry=1624295972728, refreshable=false
2021-06-21T17:16:14.294Z [AUDIT] Token created by 'jffe@000': tokenId='8ffcc637-858b-469d-821a-7f454b8bf7a4', issuer='jffe@000', subject='jffe@000/users/jffe@000', expiry=1624296374294, refreshable=false
2021-06-21T17:16:14.294Z [AUDIT] Token created by 'jffe@000': tokenId='944b8a23-1a17-4422-bc3a-7adfff67b128', issuer='jffe@000', subject='jffe@000/users/jffe@000', expiry=1624296374294, refreshable=false
2021-06-21T17:16:14.294Z [AUDIT] Token created by 'jffe@000': tokenId='5623b4df-6f9f-4aae-b8b7-057c4ec5b773', issuer='jffe@000', subject='jffe@000/users/jffe@000', expiry=1624296374294, refreshable=false
2021-06-21T17:19:32.731Z [AUDIT] Token created by 'jffe@000': tokenId='fc483ec5-327a-466a-ad11-68b41bd30465', issuer='jffe@000', subject='jffe@000/users/admin', expiry=1624296572731, refreshable=false
2021-06-21T17:26:14.364Z [AUDIT] Token created by 'jffe@000': tokenId='0a12d7b0-03ae-4407-a5d5-4f5b98439ab8', issuer='jffe@000', subject='jffe@000/users/jffe@000', expiry=1624296974363, refreshable=false
2021-06-21T17:26:14.364Z [AUDIT] Token created by 'jffe@000': tokenId='2f26e772-c389-42f4-bc55-7d2e31adca97', issuer='jffe@000', subject='jffe@000/users/jffe@000', expiry=1624296974363, refreshable=false
2021-06-21T17:26:14.364Z [AUDIT] Token created by 'jffe@000': tokenId='1fcd21c8-b792-4c93-b116-afbc48987700', issuer='jffe@000', subject='jffe@000/users/jffe@000', expiry=1624296974364, refreshable=false
2021-06-21T17:29:32.729Z [AUDIT] Token created by 'jffe@000': tokenId='07096330-bb77-4d1c-9208-f3d4970a49b1', issuer='jffe@000', subject='jffe@000/users/admin', expiry=1624297172729, refreshable=false
2021-06-21T17:30:32.802Z [AUDIT] Token created by 'jffe@000': tokenId='73148a67-6860-47a9-84a5-8e9e1cfdaf5f', issuer='jffe@000', subject='jffe@000/users/admin', expiry=1624298432788, refreshable=true
2021-06-21T17:31:32.730Z [AUDIT] Token created by 'jffe@000': tokenId='e65347ae-80db-4ccb-8c47-6b34bfd1c459', issuer='jffe@000', subject='jffe@000/users/admin', expiry=1624297292730, refreshable=false
2021-06-21T17:36:14.469Z [AUDIT] Token created by 'jffe@000': tokenId='63cb5991-f817-4b69-a538-211dc3976331', issuer='jffe@000', subject='jffe@000/users/jffe@000', expiry=1624297574469, refreshable=false
2021-06-21T17:36:14.469Z [AUDIT] Token created by 'jffe@000': tokenId='c0e94c87-dedb-4c02-900d-08b519ac995c', issuer='jffe@000', subject='jffe@000/users/jffe@000', expiry=1624297574469, refreshable=false
2021-06-21T17:36:14.470Z [AUDIT] Token created by 'jffe@000': tokenId='eca3b01e-0ab2-4733-bf0d-888fc2d8b8ab', issuer='jffe@000', subject='jffe@000/users/jffe@000', expiry=1624297574470, refreshable=false
2021-06-21T17:41:32.729Z [AUDIT] Token created by 'jffe@000': tokenId='9522b198-88fe-48df-a16f-6e24a9e1cd31', issuer='jffe@000', subject='jffe@000/users/admin', expiry=1624297892729, refreshable=false
2021-06-21T17:46:14.551Z [AUDIT] Token created by 'jffe@000': tokenId='454f4ff6-2c15-4e40-ba34-908011e60282', issuer='jffe@000', subject='jffe@000/users/jffe@000', expiry=1624298174551, refreshable=false
2021-06-21T17:46:14.552Z [AUDIT] Token created by 'jffe@000': tokenId='2422b82b-efdb-4f3f-a893-6b618a77c96c', issuer='jffe@000', subject='jffe@000/users/jffe@000', expiry=1624298174552, refreshable=false
2021-06-21T17:46:14.555Z [AUDIT] Token created by 'jffe@000': tokenId='e003e16e-c766-4515-9d8a-328538d02c9e', issuer='jffe@000', subject='jffe@000/users/jffe@000', expiry=1624298174555, refreshable=false
2021-06-21T17:51:32.755Z [AUDIT] Token created by 'jffe@000': tokenId='a3ae6a5e-fd71-4af4-a6b4-7dc8dc1ebd69', issuer='jffe@000', subject='jffe@000/users/admin', expiry=1624298492755, refreshable=false
2021-06-21T17:56:14.629Z [AUDIT] Token created by 'jffe@000': tokenId='49d02150-4c4d-4cfd-ba98-1ee7b64fb07c', issuer='jffe@000', subject='jffe@000/users/jffe@000', expiry=1624298774628, refreshable=false
2021-06-21T17:56:14.629Z [AUDIT] Token created by 'jffe@000': tokenId='22fa4977-851e-48ff-9ede-1a75daff9d92', issuer='jffe@000', subject='jffe@000/users/jffe@000', expiry=1624298774629, refreshable=false
2021-06-21T17:56:14.629Z [AUDIT] Token created by 'jffe@000': tokenId='70ff60fe-2d6e-49b5-8899-9471108ce794', issuer='jffe@000', subject='jffe@000/users/jffe@000', expiry=1624298774629, refreshable=false
2021-06-21T18:01:32.841Z [AUDIT] Token created by 'jffe@000': tokenId='55558e4f-bf99-450b-9da3-752a4a773fa2', issuer='jffe@000', subject='jffe@000/users/admin', expiry=1624300292839, refreshable=true
2021-06-21T18:01:32.870Z [AUDIT] Token created by 'jffe@000': tokenId='b47e6d8e-fe52-4ae3-842b-0cc33f331680', issuer='jffe@000', subject='jffe@000/users/admin', expiry=1624299092870, refreshable=false
2021-06-21T18:02:32.760Z [AUDIT] Token created by 'jffe@000': tokenId='92c56cc7-d5fb-4d6c-b46d-8e4ed5a5d672', issuer='jffe@000', subject='jffe@000/users/admin', expiry=1624299152759, refreshable=false
2021-06-21T18:06:14.685Z [AUDIT] Token created by 'jffe@000': tokenId='2f7cec6f-950a-44c2-a5b4-d8d143cb0ac8', issuer='jffe@000', subject='jffe@000/users/jffe@000', expiry=1624299374685, refreshable=false
2021-06-21T18:06:14.685Z [AUDIT] Token created by 'jffe@000': tokenId='b909002c-6b64-45f7-a64f-93c669ce9eea', issuer='jffe@000', subject='jffe@000/users/jffe@000', expiry=1624299374685, refreshable=false
2021-06-21T18:06:14.687Z [AUDIT] Token created by 'jffe@000': tokenId='5c5591c6-af2b-43eb-a8d9-76c6d48ff148', issuer='jffe@000', subject='jffe@000/users/jffe@000', expiry=1624299374687, refreshable=false
2021-06-21T18:12:32.751Z [AUDIT] Token created by 'jffe@000': tokenId='2af58685-f061-4434-87aa-5fb100931e09', issuer='jffe@000', subject='jffe@000/users/admin', expiry=1624299752750, refreshable=false
2021-06-21T18:16:14.748Z [AUDIT] Token created by 'jffe@000': tokenId='5aeafdc9-8f70-4e8f-b642-027a0f4442b3', issuer='jffe@000', subject='jffe@000/users/jffe@000', expiry=1624299974748, refreshable=false
2021-06-21T18:16:14.748Z [AUDIT] Token created by 'jffe@000': tokenId='fd565486-dbdd-4fa8-9aa5-7b325943e940', issuer='jffe@000', subject='jffe@000/users/jffe@000', expiry=1624299974748, refreshable=false
2021-06-21T18:16:14.753Z [AUDIT] Token created by 'jffe@000': tokenId='a2fab895-724a-40b5-8d0b-c18b48d34370', issuer='jffe@000', subject='jffe@000/users/jffe@000', expiry=1624299974753, refreshable=false
2021-06-21T18:22:32.743Z [AUDIT] Token created by 'jffe@000': tokenId='536ce55d-6ecc-463b-93d3-c22a594dc5c1', issuer='jffe@000', subject='jffe@000/users/admin', expiry=1624300352743, refreshable=false
2021-06-21T18:26:14.797Z [AUDIT] Token created by 'jffe@000': tokenId='49657f72-9bcd-4822-b34c-aa2c6701c467', issuer='jffe@000', subject='jffe@000/users/jffe@000', expiry=1624300574797, refreshable=false
2021-06-21T18:26:14.806Z [AUDIT] Token created by 'jffe@000': tokenId='bfb445cc-86f2-4cbc-bd55-bed38cec5fe2', issuer='jffe@000', subject='jffe@000/users/jffe@000', expiry=1624300574806, refreshable=false
2021-06-21T18:26:14.808Z [AUDIT] Token created by 'jffe@000': tokenId='8454e2e1-468f-4784-af21-d3243776bbd6', issuer='jffe@000', subject='jffe@000/users/jffe@000', expiry=1624300574808, refreshable=false
2021-06-21T18:32:32.746Z [AUDIT] Token created by 'jffe@000': tokenId='8f83d10f-079a-48fd-9195-b2be0fd7303b', issuer='jffe@000', subject='jffe@000/users/admin', expiry=1624300952746, refreshable=false
2021-06-21T18:33:32.864Z [AUDIT] Token created by 'jffe@000': tokenId='a5ac75c9-153a-4a16-a597-fa664bb82661', issuer='jffe@000', subject='jffe@000/users/admin', expiry=1624302212860, refreshable=true
2021-06-21T18:34:32.742Z [AUDIT] Token created by 'jffe@000': tokenId='7cb052ea-50f3-4566-9e93-8b9229acd26f', issuer='jffe@000', subject='jffe@000/users/admin', expiry=1624301072742, refreshable=false
2021-06-21T18:36:14.992Z [AUDIT] Token created by 'jffe@000': tokenId='b4b89bcc-a362-42f7-9fcd-0dab5468d93c', issuer='jffe@000', subject='jffe@000/users/jffe@000', expiry=1624301174986, refreshable=false
2021-06-21T18:36:14.992Z [AUDIT] Token created by 'jffe@000': tokenId='e2ae60d0-3d71-4dc0-bd31-12b106c70ed2', issuer='jffe@000', subject='jffe@000/users/jffe@000', expiry=1624301174986, refreshable=false
2021-06-21T18:36:14.992Z [AUDIT] Token created by 'jffe@000': tokenId='0418ef45-c121-4e3f-973a-7b74de4e8e15', issuer='jffe@000', subject='jffe@000/users/jffe@000', expiry=1624301174986, refreshable=false
2021-06-21T18:46:14.964Z [AUDIT] Token created by 'jffe@000': tokenId='85655d93-fa52-4fc7-b03e-00779fb48079', issuer='jffe@000', subject='jffe@000/users/jffe@000', expiry=1624301774964, refreshable=false
2021-06-21T18:46:14.965Z [AUDIT] Token created by 'jffe@000': tokenId='a5e67448-5430-4bc0-92de-2541830b32a4', issuer='jffe@000', subject='jffe@000/users/jffe@000', expiry=1624301774964, refreshable=false
2021-06-21T18:46:14.967Z [AUDIT] Token created by 'jffe@000': tokenId='792eb050-bf5f-4167-8916-b1f3d1ec7f67', issuer='jffe@000', subject='jffe@000/users/jffe@000', expiry=1624301774967, refreshable=false
2021-06-21T18:51:22.620Z [AUDIT] Token created by 'jffe@000': tokenId='13225eb4-5208-4fa4-a856-fb54e1f2f442', issuer='jffe@000', subject='jffe@000/users/anonymous', expiry=1624302082620, refreshable=false
2021-06-21T18:51:22.706Z [AUDIT] Token refreshed by 'jffe@000': oldTokenId='a5ac75c9-153a-4a16-a597-fa664bb82661', tokenId='f19d8880-6452-4d27-85dc-8f338908435e', issuer='jffe@000', subject='jffe@000/users/admin', expiry=1624303282691, refreshable=true
2021-06-21T18:51:22.723Z [AUDIT] Token created by 'jffe@000': tokenId='ec35c5d0-e7da-48d0-8b9c-3664af69b454', issuer='jffe@000', subject='jffe@000/users/admin', expiry=1624302082723, refreshable=false
2021-06-21T18:51:22.723Z [AUDIT] Token created by 'jffe@000': tokenId='105d81ff-f1b2-4309-b153-026761ea7fd5', issuer='jffe@000', subject='jffe@000/users/admin', expiry=1624302082723, refreshable=false
2021-06-21T18:56:15.089Z [AUDIT] Token created by 'jffe@000': tokenId='1a2596f5-95f5-4000-985b-9904fc6b00aa', issuer='jffe@000', subject='jffe@000/users/jffe@000', expiry=1624302375089, refreshable=false
2021-06-21T18:56:15.090Z [AUDIT] Token created by 'jffe@000': tokenId='96fbb965-c70e-4211-a145-37a0389be6d8', issuer='jffe@000', subject='jffe@000/users/jffe@000', expiry=1624302375090, refreshable=false
2021-06-21T18:56:15.090Z [AUDIT] Token created by 'jffe@000': tokenId='525fe320-27b4-4381-95b8-181e947401ab', issuer='jffe@000', subject='jffe@000/users/jffe@000', expiry=1624302375089, refreshable=false
2021-06-21T19:01:32.741Z [AUDIT] Token created by 'jffe@000': tokenId='91645d88-d630-451c-aabf-536c9ae2927c', issuer='jffe@000', subject='jffe@000/users/admin', expiry=1624302692740, refreshable=false
