2021-06-04T16:27:43.655Z [jffe ] [[34M[INFO ][39M] [                ] [                              ] [main                ] - frontend (jffe) service initialization started. Version: 1.19.2 Revision: 10000002 PID: 3867 Home: /opt/jfrog/artifactory
2021-06-04T16:27:43.658Z [jffe ] [[34M[INFO ][39M] [                ] [                              ] [main                ] - attempting pinging artifactory for 180 retires and 1.0s interval for total of 3 minutes
2021-06-04T16:27:52.741Z [jffe ] [[34M[INFO ][39M] [                ] [                              ] [main                ] - pinging artifactory, attempt number 10
2021-06-04T16:27:52.744Z [jffe ] [[34M[INFO ][39M] [                ] [                              ] [main                ] - pinging artifactory attempt number 10 failed with code : ECONNREFUSED
2021-06-04T16:28:02.797Z [jffe ] [[34M[INFO ][39M] [                ] [                              ] [main                ] - pinging artifactory, attempt number 20
2021-06-04T16:28:02.799Z [jffe ] [[34M[INFO ][39M] [                ] [                              ] [main                ] - pinging artifactory attempt number 20 failed with code : ECONNREFUSED
2021-06-04T16:28:07.833Z [jffe ] [[31M[1M[ERROR][22M[39M] [                ] [                              ] [main                ] - ArtifactoryClient::http [get] request to /api/system/ping failed with 404 code
2021-06-04T16:28:08.840Z [jffe ] [[31M[1M[ERROR][22M[39M] [                ] [                              ] [main                ] - ArtifactoryClient::http [get] request to /api/system/ping failed with 404 code
2021-06-04T16:28:09.848Z [jffe ] [[31M[1M[ERROR][22M[39M] [                ] [                              ] [main                ] - ArtifactoryClient::http [get] request to /api/system/ping failed with 404 code
2021-06-04T16:28:10.858Z [jffe ] [[31M[1M[ERROR][22M[39M] [                ] [                              ] [main                ] - ArtifactoryClient::http [get] request to /api/system/ping failed with 404 code
2021-06-04T16:28:11.867Z [jffe ] [[31M[1M[ERROR][22M[39M] [                ] [                              ] [main                ] - ArtifactoryClient::http [get] request to /api/system/ping failed with 404 code
2021-06-04T16:28:12.869Z [jffe ] [[34M[INFO ][39M] [                ] [                              ] [main                ] - pinging artifactory, attempt number 30
2021-06-04T16:28:12.875Z [jffe ] [[31M[1M[ERROR][22M[39M] [                ] [                              ] [main                ] - ArtifactoryClient::http [get] request to /api/system/ping failed with 404 code
2021-06-04T16:28:12.876Z [jffe ] [[34M[INFO ][39M] [                ] [                              ] [main                ] - pinging artifactory attempt number 30 failed with code : undefined
2021-06-04T16:28:13.880Z [jffe ] [[31M[1M[ERROR][22M[39M] [                ] [                              ] [main                ] - ArtifactoryClient::http [get] request to /api/system/ping failed with 404 code
2021-06-04T16:28:14.887Z [jffe ] [[31M[1M[ERROR][22M[39M] [                ] [                              ] [main                ] - ArtifactoryClient::http [get] request to /api/system/ping failed with 404 code
2021-06-04T16:28:15.903Z [jffe ] [[31M[1M[ERROR][22M[39M] [                ] [                              ] [main                ] - ArtifactoryClient::http [get] request to /api/system/ping failed with 404 code
2021-06-04T16:28:16.911Z [jffe ] [[31M[1M[ERROR][22M[39M] [                ] [                              ] [main                ] - ArtifactoryClient::http [get] request to /api/system/ping failed with 404 code
2021-06-04T16:28:17.929Z [jffe ] [[31M[1M[ERROR][22M[39M] [                ] [                              ] [main                ] - ArtifactoryClient::http [get] request to /api/system/ping failed with 404 code
2021-06-04T16:28:18.935Z [jffe ] [[31M[1M[ERROR][22M[39M] [                ] [                              ] [main                ] - ArtifactoryClient::http [get] request to /api/system/ping failed with 404 code
2021-06-04T16:28:19.942Z [jffe ] [[31M[1M[ERROR][22M[39M] [                ] [                              ] [main                ] - ArtifactoryClient::http [get] request to /api/system/ping failed with 404 code
2021-06-04T16:28:20.947Z [jffe ] [[31M[1M[ERROR][22M[39M] [                ] [                              ] [main                ] - ArtifactoryClient::http [get] request to /api/system/ping failed with 404 code
2021-06-04T16:28:21.964Z [jffe ] [[31M[1M[ERROR][22M[39M] [                ] [                              ] [main                ] - ArtifactoryClient::http [get] request to /api/system/ping failed with 503 code
2021-06-04T16:28:22.966Z [jffe ] [[34M[INFO ][39M] [                ] [                              ] [main                ] - pinging artifactory, attempt number 40
2021-06-04T16:28:22.976Z [jffe ] [[31M[1M[ERROR][22M[39M] [                ] [                              ] [main                ] - ArtifactoryClient::http [get] request to /api/system/ping failed with 503 code
2021-06-04T16:28:22.976Z [jffe ] [[34M[INFO ][39M] [                ] [                              ] [main                ] - pinging artifactory attempt number 40 failed with code : undefined
2021-06-04T16:28:23.987Z [jffe ] [[31M[1M[ERROR][22M[39M] [                ] [                              ] [main                ] - ArtifactoryClient::http [get] request to /api/system/ping failed with 503 code
2021-06-04T16:28:24.993Z [jffe ] [[31M[1M[ERROR][22M[39M] [                ] [                              ] [main                ] - ArtifactoryClient::http [get] request to /api/system/ping failed with 503 code
2021-06-04T16:28:26.000Z [jffe ] [[31M[1M[ERROR][22M[39M] [                ] [                              ] [main                ] - ArtifactoryClient::http [get] request to /api/system/ping failed with 503 code
2021-06-04T16:28:27.008Z [jffe ] [[31M[1M[ERROR][22M[39M] [                ] [                              ] [main                ] - ArtifactoryClient::http [get] request to /api/system/ping failed with 503 code
2021-06-04T16:28:28.018Z [jffe ] [[31M[1M[ERROR][22M[39M] [                ] [                              ] [main                ] - ArtifactoryClient::http [get] request to /api/system/ping failed with 503 code
2021-06-04T16:28:29.085Z [jffe ] [[31M[1M[ERROR][22M[39M] [                ] [                              ] [main                ] - ArtifactoryClient::http [get] request to /api/system/ping failed with 503 code
2021-06-04T16:28:30.094Z [jffe ] [[31M[1M[ERROR][22M[39M] [                ] [                              ] [main                ] - ArtifactoryClient::http [get] request to /api/system/ping failed with 503 code
2021-06-04T16:28:31.108Z [jffe ] [[31M[1M[ERROR][22M[39M] [                ] [                              ] [main                ] - ArtifactoryClient::http [get] request to /api/system/ping failed with 503 code
2021-06-04T16:28:32.463Z [jffe ] [[34M[INFO ][39M] [                ] [                              ] [main                ] - artifactory was pinged successfully
2021-06-04T16:28:32.464Z [jffe ] [[34M[INFO ][39M] [                ] [                              ] [main                ] - setting service id - jffe@000
2021-06-04T16:28:32.553Z [jffe ] [[34M[INFO ][39M] [                ] [                              ] [main                ] - Cluster join: Successfully joined the cluster
2021-06-04T16:28:32.600Z [jffe ] [[34M[INFO ][39M] [                ] [                              ] [main                ] - UI service successfully registered on router, serviceId: jffe@000
2021-06-04T16:28:33.045Z [jffe ] [[34M[INFO ][39M] [                ] [                              ] [main                ] - Recurring tasks started
2021-06-04T16:28:33.543Z [jffe ] [[34M[INFO ][39M] [                ] [                              ] [main                ] - frontend (jffe) service initialization completed in 50.06 seconds. Listening on port: port 8070
2021-06-04T16:28:46.419Z [jffe ] [[31M[WARN ][39M] [16468db3aca2e933] [                              ] [main                ] - topology is missing, can't decide if service exists, will return false
2021-06-04T16:28:46.419Z [jffe ] [[31M[WARN ][39M] [16468db3aca2e933] [                              ] [main                ] - topology is missing, can't decide if service exists, will return false
2021-06-04T16:28:47.466Z [jffe ] [[31M[WARN ][39M] [69afac3a0367bc39] [                              ] [main                ] - topology is missing, can't decide if service exists, will return false
2021-06-04T16:28:47.467Z [jffe ] [[31M[WARN ][39M] [69afac3a0367bc39] [                              ] [main                ] - topology is missing, can't decide if service exists, will return false
2021-06-04T17:37:56.946Z [jffe ] [[31M[WARN ][39M] [213d41cfd3b64732] [                              ] [main                ] - could not refresh ui session token. request will still be accepted until the token expires. msg from access - Token matching the provided refresh token was not found.
